<?xml version="1.0" encoding="UTF-8"?>
<!-- Generated by org.testng.reporters.JUnitXMLReporter -->
<testsuite hostname="dfw184018l.containerstore.com" name="commerce-integrationtest" tests="133" failures="0" timestamp="4 Sep 2019 21:37:20 GMT" time="7.0" errors="0">
  <testcase name="@AfterMethod springTestContextAfterTestMethod" time="0.0" classname="org.broadleafcommerce.profile.test.CustomerTest">
    <failure type="org.springframework.dao.DataIntegrityViolationException" message="could not execute statement; SQL [n/a]; constraint [SYS_PK_10387]; nested exception is org.hibernate.exception.ConstraintViolationException: could not execute statement">
      <![CDATA[org.springframework.dao.DataIntegrityViolationException: could not execute statement; SQL [n/a]; constraint [SYS_PK_10387]; nested exception is org.hibernate.exception.ConstraintViolationException: could not execute statement
	at org.springframework.orm.jpa.vendor.HibernateJpaDialect.convertHibernateAccessException(HibernateJpaDialect.java:248)
	at org.springframework.orm.jpa.vendor.HibernateJpaDialect.translateExceptionIfPossible(HibernateJpaDialect.java:214)
	at org.springframework.orm.jpa.JpaTransactionManager.doCommit(JpaTransactionManager.java:519)
	at org.springframework.transaction.support.AbstractPlatformTransactionManager.processCommit(AbstractPlatformTransactionManager.java:757)
	at org.springframework.transaction.support.AbstractPlatformTransactionManager.commit(AbstractPlatformTransactionManager.java:726)
	at org.springframework.test.context.transaction.TransactionContext.endTransaction(TransactionContext.java:127)
	at org.springframework.test.context.transaction.TransactionalTestExecutionListener.afterTestMethod(TransactionalTestExecutionListener.java:223)
	at org.springframework.test.context.TestContextManager.afterTestMethod(TestContextManager.java:297)
	at org.springframework.test.context.testng.AbstractTestNGSpringContextTests.springTestContextAfterTestMethod(AbstractTestNGSpringContextTests.java:193)
	at sun.reflect.GeneratedMethodAccessor39.invoke(Unknown Source)
	at sun.reflect.DelegatingMethodAccessorImpl.invoke(DelegatingMethodAccessorImpl.java:43)
	at java.lang.reflect.Method.invoke(Method.java:498)
	at org.testng.internal.MethodInvocationHelper.invokeMethod(MethodInvocationHelper.java:84)
	at org.testng.internal.Invoker.invokeConfigurationMethod(Invoker.java:564)
	at org.testng.internal.Invoker.invokeConfigurations(Invoker.java:213)
	at org.testng.internal.Invoker.invokeMethod(Invoker.java:786)
	at org.testng.internal.Invoker.invokeTestMethod(Invoker.java:901)
	at org.testng.internal.Invoker.invokeTestMethods(Invoker.java:1231)
	at org.testng.internal.TestMethodWorker.invokeTestMethods(TestMethodWorker.java:127)
	at org.testng.internal.TestMethodWorker.run(TestMethodWorker.java:111)
	at org.testng.TestRunner.privateRun(TestRunner.java:767)
	at org.testng.TestRunner.run(TestRunner.java:617)
	at org.testng.SuiteRunner.runTest(SuiteRunner.java:348)
	at org.testng.SuiteRunner.runSequentially(SuiteRunner.java:343)
	at org.testng.SuiteRunner.privateRun(SuiteRunner.java:305)
	at org.testng.SuiteRunner.run(SuiteRunner.java:254)
	at org.testng.SuiteRunnerWorker.runSuite(SuiteRunnerWorker.java:52)
	at org.testng.SuiteRunnerWorker.run(SuiteRunnerWorker.java:86)
	at org.testng.TestNG.runSuitesSequentially(TestNG.java:1224)
	at org.testng.TestNG.runSuitesLocally(TestNG.java:1149)
	at org.testng.TestNG.run(TestNG.java:1057)
	at org.testng.remote.AbstractRemoteTestNG.run(AbstractRemoteTestNG.java:115)
	at org.testng.remote.RemoteTestNG.initAndRun(RemoteTestNG.java:251)
	at org.testng.remote.RemoteTestNG.main(RemoteTestNG.java:77)
Caused by: org.hibernate.exception.ConstraintViolationException: could not execute statement
	at org.hibernate.exception.internal.SQLExceptionTypeDelegate.convert(SQLExceptionTypeDelegate.java:72)
	at org.hibernate.exception.internal.StandardSQLExceptionConverter.convert(StandardSQLExceptionConverter.java:49)
	at org.hibernate.engine.jdbc.spi.SqlExceptionHelper.convert(SqlExceptionHelper.java:126)
	at org.hibernate.engine.jdbc.spi.SqlExceptionHelper.convert(SqlExceptionHelper.java:112)
	at org.hibernate.engine.jdbc.internal.ResultSetReturnImpl.executeUpdate(ResultSetReturnImpl.java:211)
	at org.hibernate.engine.jdbc.batch.internal.NonBatchingBatch.addToBatch(NonBatchingBatch.java:62)
	at org.hibernate.persister.entity.AbstractEntityPersister.insert(AbstractEntityPersister.java:3124)
	at org.hibernate.persister.entity.AbstractEntityPersister.insert(AbstractEntityPersister.java:3581)
	at org.hibernate.action.internal.EntityInsertAction.execute(EntityInsertAction.java:104)
	at org.hibernate.engine.spi.ActionQueue.executeActions(ActionQueue.java:463)
	at org.hibernate.engine.spi.ActionQueue.executeActions(ActionQueue.java:349)
	at org.hibernate.event.internal.AbstractFlushingEventListener.performExecutions(AbstractFlushingEventListener.java:350)
	at org.hibernate.event.internal.DefaultFlushEventListener.onFlush(DefaultFlushEventListener.java:56)
	at org.hibernate.internal.SessionImpl.flush(SessionImpl.java:1222)
	at org.hibernate.internal.SessionImpl.managedFlush(SessionImpl.java:425)
	at org.hibernate.engine.transaction.internal.jdbc.JdbcTransaction.beforeTransactionCommit(JdbcTransaction.java:101)
	at org.hibernate.engine.transaction.spi.AbstractTransactionImpl.commit(AbstractTransactionImpl.java:177)
	at org.hibernate.jpa.internal.TransactionImpl.commit(TransactionImpl.java:77)
	at org.springframework.orm.jpa.JpaTransactionManager.doCommit(JpaTransactionManager.java:515)
	... 31 more
Caused by: java.sql.SQLIntegrityConstraintViolationException: integrity constraint violation: unique constraint or index violation; SYS_PK_10387 table: BLC_ID_GENERATION
	at org.hsqldb.jdbc.Util.sqlException(Unknown Source)
	at org.hsqldb.jdbc.Util.sqlException(Unknown Source)
	at org.hsqldb.jdbc.JDBCPreparedStatement.fetchResult(Unknown Source)
	at org.hsqldb.jdbc.JDBCPreparedStatement.executeUpdate(Unknown Source)
	at org.apache.commons.dbcp.DelegatingPreparedStatement.executeUpdate(DelegatingPreparedStatement.java:102)
	at org.hibernate.engine.jdbc.internal.ResultSetReturnImpl.executeUpdate(ResultSetReturnImpl.java:208)
	... 45 more
Caused by: org.hsqldb.HsqlException: integrity constraint violation: unique constraint or index violation; SYS_PK_10387 table: BLC_ID_GENERATION
	at org.hsqldb.error.Error.error(Unknown Source)
	at org.hsqldb.Constraint.getException(Unknown Source)
	at org.hsqldb.index.IndexAVLMemory.insert(Unknown Source)
	at org.hsqldb.persist.RowStoreAVL.indexRow(Unknown Source)
	at org.hsqldb.TransactionManager2PL.addInsertAction(Unknown Source)
	at org.hsqldb.Session.addInsertAction(Unknown Source)
	at org.hsqldb.Table.insertSingleRow(Unknown Source)
	at org.hsqldb.StatementDML.insertSingleRow(Unknown Source)
	at org.hsqldb.StatementInsert.getResult(Unknown Source)
	at org.hsqldb.StatementDMQL.execute(Unknown Source)
	at org.hsqldb.Session.executeCompiledStatement(Unknown Source)
	at org.hsqldb.Session.execute(Unknown Source)
	... 49 more
]]>
    </failure>
  </testcase> <!-- @AfterMethod springTestContextAfterTestMethod -->
  <testcase name="@BeforeClass springTestContextBeforeTestClass" time="0.0" classname="org.broadleafcommerce.profile.test.CustomerPhoneControllerTest">
    <skipped/>
  </testcase> <!-- @BeforeClass springTestContextBeforeTestClass -->
  <testcase name="@BeforeClass springTestContextPrepareTestInstance" time="0.0" classname="org.broadleafcommerce.profile.test.CustomerPhoneControllerTest">
    <skipped/>
  </testcase> <!-- @BeforeClass springTestContextPrepareTestInstance -->
  <testcase name="@BeforeMethod springTestContextBeforeTestMethod" time="0.0" classname="org.broadleafcommerce.profile.test.CustomerPhoneControllerTest">
    <skipped/>
  </testcase> <!-- @BeforeMethod springTestContextBeforeTestMethod -->
  <testcase name="@BeforeMethod setup" time="0.0" classname="org.broadleafcommerce.profile.test.CustomerPhoneControllerTest">
    <skipped/>
  </testcase> <!-- @BeforeMethod setup -->
  <testcase name="@BeforeMethod springTestContextBeforeTestMethod" time="0.0" classname="org.broadleafcommerce.profile.test.CustomerPhoneControllerTest">
    <skipped/>
  </testcase> <!-- @BeforeMethod springTestContextBeforeTestMethod -->
  <testcase name="@BeforeMethod setup" time="0.0" classname="org.broadleafcommerce.profile.test.CustomerPhoneControllerTest">
    <skipped/>
  </testcase> <!-- @BeforeMethod setup -->
  <testcase name="@BeforeMethod springTestContextBeforeTestMethod" time="0.0" classname="org.broadleafcommerce.profile.test.CustomerPhoneControllerTest">
    <skipped/>
  </testcase> <!-- @BeforeMethod springTestContextBeforeTestMethod -->
  <testcase name="@BeforeMethod setup" time="0.0" classname="org.broadleafcommerce.profile.test.CustomerPhoneControllerTest">
    <skipped/>
  </testcase> <!-- @BeforeMethod setup -->
  <testcase name="@BeforeClass springTestContextBeforeTestClass" time="0.0" classname="org.broadleafcommerce.test.integration.MVELTest">
    <skipped/>
  </testcase> <!-- @BeforeClass springTestContextBeforeTestClass -->
  <testcase name="@BeforeClass springTestContextPrepareTestInstance" time="0.0" classname="org.broadleafcommerce.test.integration.MVELTest">
    <skipped/>
  </testcase> <!-- @BeforeClass springTestContextPrepareTestInstance -->
  <testcase name="@BeforeMethod springTestContextBeforeTestMethod" time="0.0" classname="org.broadleafcommerce.test.integration.MVELTest">
    <skipped/>
  </testcase> <!-- @BeforeMethod springTestContextBeforeTestMethod -->
  <testcase name="@BeforeMethod setup" time="0.0" classname="org.broadleafcommerce.test.integration.MVELTest">
    <skipped/>
  </testcase> <!-- @BeforeMethod setup -->
  <testcase name="@BeforeMethod springTestContextBeforeTestMethod" time="0.0" classname="org.broadleafcommerce.test.integration.MVELTest">
    <skipped/>
  </testcase> <!-- @BeforeMethod springTestContextBeforeTestMethod -->
  <testcase name="@BeforeMethod setup" time="0.0" classname="org.broadleafcommerce.test.integration.MVELTest">
    <skipped/>
  </testcase> <!-- @BeforeMethod setup -->
  <testcase name="@BeforeMethod springTestContextBeforeTestMethod" time="0.0" classname="org.broadleafcommerce.test.integration.MVELTest">
    <skipped/>
  </testcase> <!-- @BeforeMethod springTestContextBeforeTestMethod -->
  <testcase name="@BeforeMethod setup" time="0.0" classname="org.broadleafcommerce.test.integration.MVELTest">
    <skipped/>
  </testcase> <!-- @BeforeMethod setup -->
  <testcase name="@BeforeMethod springTestContextBeforeTestMethod" time="0.0" classname="org.broadleafcommerce.test.integration.MVELTest">
    <skipped/>
  </testcase> <!-- @BeforeMethod springTestContextBeforeTestMethod -->
  <testcase name="@BeforeMethod setup" time="0.0" classname="org.broadleafcommerce.test.integration.MVELTest">
    <skipped/>
  </testcase> <!-- @BeforeMethod setup -->
  <testcase name="@AfterClass tearDown" time="0.0" classname="org.broadleafcommerce.test.integration.MVELTest">
    <skipped/>
  </testcase> <!-- @AfterClass tearDown -->
  <testcase name="@BeforeClass springTestContextBeforeTestClass" time="0.0" classname="org.broadleafcommerce.test.integration.ExtensibilityTest">
    <skipped/>
  </testcase> <!-- @BeforeClass springTestContextBeforeTestClass -->
  <testcase name="@BeforeClass springTestContextPrepareTestInstance" time="0.0" classname="org.broadleafcommerce.test.integration.ExtensibilityTest">
    <skipped/>
  </testcase> <!-- @BeforeClass springTestContextPrepareTestInstance -->
  <testcase name="@BeforeMethod springTestContextBeforeTestMethod" time="0.0" classname="org.broadleafcommerce.test.integration.ExtensibilityTest">
    <skipped/>
  </testcase> <!-- @BeforeMethod springTestContextBeforeTestMethod -->
  <testcase name="@BeforeMethod setup" time="0.0" classname="org.broadleafcommerce.test.integration.ExtensibilityTest">
    <skipped/>
  </testcase> <!-- @BeforeMethod setup -->
  <testcase name="@AfterClass tearDown" time="0.0" classname="org.broadleafcommerce.test.integration.ExtensibilityTest">
    <skipped/>
  </testcase> <!-- @AfterClass tearDown -->
  <testcase name="@BeforeClass springTestContextBeforeTestClass" time="0.0" classname="org.broadleafcommerce.profile.test.IdGenerationTest">
    <skipped/>
  </testcase> <!-- @BeforeClass springTestContextBeforeTestClass -->
  <testcase name="@BeforeClass springTestContextPrepareTestInstance" time="0.0" classname="org.broadleafcommerce.profile.test.IdGenerationTest">
    <skipped/>
  </testcase> <!-- @BeforeClass springTestContextPrepareTestInstance -->
  <testcase name="@BeforeMethod springTestContextBeforeTestMethod" time="0.0" classname="org.broadleafcommerce.profile.test.IdGenerationTest">
    <skipped/>
  </testcase> <!-- @BeforeMethod springTestContextBeforeTestMethod -->
  <testcase name="@BeforeMethod setup" time="0.0" classname="org.broadleafcommerce.profile.test.IdGenerationTest">
    <skipped/>
  </testcase> <!-- @BeforeMethod setup -->
  <testcase name="@BeforeMethod springTestContextBeforeTestMethod" time="0.0" classname="org.broadleafcommerce.profile.test.IdGenerationTest">
    <skipped/>
  </testcase> <!-- @BeforeMethod springTestContextBeforeTestMethod -->
  <testcase name="@BeforeMethod setup" time="0.0" classname="org.broadleafcommerce.profile.test.IdGenerationTest">
    <skipped/>
  </testcase> <!-- @BeforeMethod setup -->
  <testcase name="@BeforeClass springTestContextBeforeTestClass" time="0.0" classname="org.broadleafcommerce.test.integration.ProductDaoTest">
    <skipped/>
  </testcase> <!-- @BeforeClass springTestContextBeforeTestClass -->
  <testcase name="@BeforeClass springTestContextPrepareTestInstance" time="0.0" classname="org.broadleafcommerce.test.integration.ProductDaoTest">
    <skipped/>
  </testcase> <!-- @BeforeClass springTestContextPrepareTestInstance -->
  <testcase name="@BeforeMethod springTestContextBeforeTestMethod" time="0.0" classname="org.broadleafcommerce.test.integration.ProductDaoTest">
    <skipped/>
  </testcase> <!-- @BeforeMethod springTestContextBeforeTestMethod -->
  <testcase name="@BeforeMethod setup" time="0.0" classname="org.broadleafcommerce.test.integration.ProductDaoTest">
    <skipped/>
  </testcase> <!-- @BeforeMethod setup -->
  <testcase name="@BeforeMethod springTestContextBeforeTestMethod" time="0.0" classname="org.broadleafcommerce.test.integration.ProductDaoTest">
    <skipped/>
  </testcase> <!-- @BeforeMethod springTestContextBeforeTestMethod -->
  <testcase name="@BeforeMethod setup" time="0.0" classname="org.broadleafcommerce.test.integration.ProductDaoTest">
    <skipped/>
  </testcase> <!-- @BeforeMethod setup -->
  <testcase name="@BeforeMethod springTestContextBeforeTestMethod" time="0.0" classname="org.broadleafcommerce.test.integration.ProductDaoTest">
    <skipped/>
  </testcase> <!-- @BeforeMethod springTestContextBeforeTestMethod -->
  <testcase name="@BeforeMethod setup" time="0.0" classname="org.broadleafcommerce.test.integration.ProductDaoTest">
    <skipped/>
  </testcase> <!-- @BeforeMethod setup -->
  <testcase name="@BeforeMethod springTestContextBeforeTestMethod" time="0.0" classname="org.broadleafcommerce.test.integration.ProductDaoTest">
    <skipped/>
  </testcase> <!-- @BeforeMethod springTestContextBeforeTestMethod -->
  <testcase name="@BeforeMethod setup" time="0.0" classname="org.broadleafcommerce.test.integration.ProductDaoTest">
    <skipped/>
  </testcase> <!-- @BeforeMethod setup -->
  <testcase name="@BeforeMethod springTestContextBeforeTestMethod" time="0.0" classname="org.broadleafcommerce.test.integration.ProductDaoTest">
    <skipped/>
  </testcase> <!-- @BeforeMethod springTestContextBeforeTestMethod -->
  <testcase name="@BeforeMethod setup" time="0.0" classname="org.broadleafcommerce.test.integration.ProductDaoTest">
    <skipped/>
  </testcase> <!-- @BeforeMethod setup -->
  <testcase name="@BeforeMethod springTestContextBeforeTestMethod" time="0.0" classname="org.broadleafcommerce.test.integration.ProductDaoTest">
    <skipped/>
  </testcase> <!-- @BeforeMethod springTestContextBeforeTestMethod -->
  <testcase name="@BeforeMethod setup" time="0.0" classname="org.broadleafcommerce.test.integration.ProductDaoTest">
    <skipped/>
  </testcase> <!-- @BeforeMethod setup -->
  <testcase name="@BeforeMethod springTestContextBeforeTestMethod" time="0.0" classname="org.broadleafcommerce.test.integration.ProductDaoTest">
    <skipped/>
  </testcase> <!-- @BeforeMethod springTestContextBeforeTestMethod -->
  <testcase name="@BeforeMethod setup" time="0.0" classname="org.broadleafcommerce.test.integration.ProductDaoTest">
    <skipped/>
  </testcase> <!-- @BeforeMethod setup -->
  <testcase name="@BeforeMethod springTestContextBeforeTestMethod" time="0.0" classname="org.broadleafcommerce.test.integration.ProductDaoTest">
    <skipped/>
  </testcase> <!-- @BeforeMethod springTestContextBeforeTestMethod -->
  <testcase name="@BeforeMethod setup" time="0.0" classname="org.broadleafcommerce.test.integration.ProductDaoTest">
    <skipped/>
  </testcase> <!-- @BeforeMethod setup -->
  <testcase name="@BeforeMethod springTestContextBeforeTestMethod" time="0.0" classname="org.broadleafcommerce.test.integration.ProductDaoTest">
    <skipped/>
  </testcase> <!-- @BeforeMethod springTestContextBeforeTestMethod -->
  <testcase name="@BeforeMethod setup" time="0.0" classname="org.broadleafcommerce.test.integration.ProductDaoTest">
    <skipped/>
  </testcase> <!-- @BeforeMethod setup -->
  <testcase name="@BeforeMethod springTestContextBeforeTestMethod" time="0.0" classname="org.broadleafcommerce.test.integration.ProductDaoTest">
    <skipped/>
  </testcase> <!-- @BeforeMethod springTestContextBeforeTestMethod -->
  <testcase name="@BeforeMethod setup" time="0.0" classname="org.broadleafcommerce.test.integration.ProductDaoTest">
    <skipped/>
  </testcase> <!-- @BeforeMethod setup -->
  <testcase name="@BeforeMethod springTestContextBeforeTestMethod" time="0.0" classname="org.broadleafcommerce.test.integration.ProductDaoTest">
    <skipped/>
  </testcase> <!-- @BeforeMethod springTestContextBeforeTestMethod -->
  <testcase name="@BeforeMethod setup" time="0.0" classname="org.broadleafcommerce.test.integration.ProductDaoTest">
    <skipped/>
  </testcase> <!-- @BeforeMethod setup -->
  <testcase name="@BeforeClass springTestContextBeforeTestClass" time="0.0" classname="org.broadleafcommerce.test.integration.OrderTest">
    <skipped/>
  </testcase> <!-- @BeforeClass springTestContextBeforeTestClass -->
  <testcase name="@BeforeClass springTestContextPrepareTestInstance" time="0.0" classname="org.broadleafcommerce.test.integration.OrderTest">
    <skipped/>
  </testcase> <!-- @BeforeClass springTestContextPrepareTestInstance -->
  <testcase name="@BeforeMethod springTestContextBeforeTestMethod" time="0.0" classname="org.broadleafcommerce.test.integration.OrderTest">
    <skipped/>
  </testcase> <!-- @BeforeMethod springTestContextBeforeTestMethod -->
  <testcase name="@BeforeMethod setup" time="0.0" classname="org.broadleafcommerce.test.integration.OrderTest">
    <skipped/>
  </testcase> <!-- @BeforeMethod setup -->
  <testcase name="@BeforeMethod springTestContextBeforeTestMethod" time="0.0" classname="org.broadleafcommerce.pricing.test.PricingTest">
    <skipped/>
  </testcase> <!-- @BeforeMethod springTestContextBeforeTestMethod -->
  <testcase name="@BeforeMethod setup" time="0.0" classname="org.broadleafcommerce.pricing.test.PricingTest">
    <skipped/>
  </testcase> <!-- @BeforeMethod setup -->
  <testcase name="@BeforeMethod springTestContextBeforeTestMethod" time="0.0" classname="org.broadleafcommerce.pricing.test.PricingTest">
    <skipped/>
  </testcase> <!-- @BeforeMethod springTestContextBeforeTestMethod -->
  <testcase name="@BeforeMethod setup" time="0.0" classname="org.broadleafcommerce.pricing.test.PricingTest">
    <skipped/>
  </testcase> <!-- @BeforeMethod setup -->
  <testcase name="@AfterClass tearDown" time="0.0" classname="org.broadleafcommerce.pricing.test.PricingTest">
    <skipped/>
  </testcase> <!-- @AfterClass tearDown -->
  <testcase name="@BeforeMethod springTestContextBeforeTestMethod" time="0.0" classname="org.broadleafcommerce.inventory.test.SkuAvailabilityTest">
    <skipped/>
  </testcase> <!-- @BeforeMethod springTestContextBeforeTestMethod -->
  <testcase name="@BeforeMethod setup" time="0.0" classname="org.broadleafcommerce.inventory.test.SkuAvailabilityTest">
    <skipped/>
  </testcase> <!-- @BeforeMethod setup -->
  <testcase name="@BeforeMethod springTestContextBeforeTestMethod" time="0.0" classname="org.broadleafcommerce.inventory.test.SkuAvailabilityTest">
    <skipped/>
  </testcase> <!-- @BeforeMethod springTestContextBeforeTestMethod -->
  <testcase name="@BeforeMethod setup" time="0.0" classname="org.broadleafcommerce.inventory.test.SkuAvailabilityTest">
    <skipped/>
  </testcase> <!-- @BeforeMethod setup -->
  <testcase name="@BeforeMethod springTestContextBeforeTestMethod" time="0.0" classname="org.broadleafcommerce.inventory.test.SkuAvailabilityTest">
    <skipped/>
  </testcase> <!-- @BeforeMethod springTestContextBeforeTestMethod -->
  <testcase name="@BeforeMethod setup" time="0.0" classname="org.broadleafcommerce.inventory.test.SkuAvailabilityTest">
    <skipped/>
  </testcase> <!-- @BeforeMethod setup -->
  <testcase name="@BeforeMethod springTestContextBeforeTestMethod" time="0.0" classname="org.broadleafcommerce.inventory.test.SkuAvailabilityTest">
    <skipped/>
  </testcase> <!-- @BeforeMethod springTestContextBeforeTestMethod -->
  <testcase name="@BeforeMethod setup" time="0.0" classname="org.broadleafcommerce.inventory.test.SkuAvailabilityTest">
    <skipped/>
  </testcase> <!-- @BeforeMethod setup -->
  <testcase name="@BeforeMethod springTestContextBeforeTestMethod" time="0.0" classname="org.broadleafcommerce.inventory.test.SkuAvailabilityTest">
    <skipped/>
  </testcase> <!-- @BeforeMethod springTestContextBeforeTestMethod -->
  <testcase name="@BeforeMethod setup" time="0.0" classname="org.broadleafcommerce.inventory.test.SkuAvailabilityTest">
    <skipped/>
  </testcase> <!-- @BeforeMethod setup -->
  <testcase name="@BeforeMethod springTestContextBeforeTestMethod" time="0.0" classname="org.broadleafcommerce.inventory.test.SkuAvailabilityTest">
    <skipped/>
  </testcase> <!-- @BeforeMethod springTestContextBeforeTestMethod -->
  <testcase name="@BeforeMethod setup" time="0.0" classname="org.broadleafcommerce.inventory.test.SkuAvailabilityTest">
    <skipped/>
  </testcase> <!-- @BeforeMethod setup -->
  <testcase name="@AfterClass tearDown" time="0.0" classname="org.broadleafcommerce.inventory.test.SkuAvailabilityTest">
    <skipped/>
  </testcase> <!-- @AfterClass tearDown -->
  <testcase name="@BeforeMethod springTestContextBeforeTestMethod" time="0.0" classname="org.broadleafcommerce.profile.test.AddressTest">
    <skipped/>
  </testcase> <!-- @BeforeMethod springTestContextBeforeTestMethod -->
  <testcase name="@BeforeMethod setup" time="0.0" classname="org.broadleafcommerce.profile.test.AddressTest">
    <skipped/>
  </testcase> <!-- @BeforeMethod setup -->
  <testcase name="@BeforeMethod springTestContextBeforeTestMethod" time="0.0" classname="org.broadleafcommerce.profile.test.AddressTest">
    <skipped/>
  </testcase> <!-- @BeforeMethod springTestContextBeforeTestMethod -->
  <testcase name="@BeforeMethod setup" time="0.0" classname="org.broadleafcommerce.profile.test.AddressTest">
    <skipped/>
  </testcase> <!-- @BeforeMethod setup -->
  <testcase name="@BeforeMethod springTestContextBeforeTestMethod" time="0.0" classname="org.broadleafcommerce.profile.test.CustomerTest">
    <skipped/>
  </testcase> <!-- @BeforeMethod springTestContextBeforeTestMethod -->
  <testcase name="@BeforeMethod setup" time="0.0" classname="org.broadleafcommerce.profile.test.CustomerTest">
    <skipped/>
  </testcase> <!-- @BeforeMethod setup -->
  <testcase name="@BeforeMethod springTestContextBeforeTestMethod" time="0.0" classname="org.broadleafcommerce.profile.test.CustomerTest">
    <skipped/>
  </testcase> <!-- @BeforeMethod springTestContextBeforeTestMethod -->
  <testcase name="@BeforeMethod setup" time="0.0" classname="org.broadleafcommerce.profile.test.CustomerTest">
    <skipped/>
  </testcase> <!-- @BeforeMethod setup -->
  <testcase name="@AfterClass tearDown" time="0.0" classname="org.broadleafcommerce.profile.test.CustomerPhoneControllerTest">
    <skipped/>
  </testcase> <!-- @AfterClass tearDown -->
  <testcase name="@AfterClass tearDown" time="0.0" classname="org.broadleafcommerce.profile.test.IdGenerationTest">
    <skipped/>
  </testcase> <!-- @AfterClass tearDown -->
  <testcase name="@BeforeClass springTestContextBeforeTestClass" time="0.0" classname="org.broadleafcommerce.profile.test.CustomerPhoneTest">
    <skipped/>
  </testcase> <!-- @BeforeClass springTestContextBeforeTestClass -->
  <testcase name="@BeforeClass springTestContextPrepareTestInstance" time="0.0" classname="org.broadleafcommerce.profile.test.CustomerPhoneTest">
    <skipped/>
  </testcase> <!-- @BeforeClass springTestContextPrepareTestInstance -->
  <testcase name="@AfterClass tearDown" time="0.0" classname="org.broadleafcommerce.profile.test.AddressTest">
    <skipped/>
  </testcase> <!-- @AfterClass tearDown -->
  <testcase name="@BeforeClass springTestContextBeforeTestClass" time="0.0" classname="org.broadleafcommerce.profile.test.CustomerAddressTest">
    <skipped/>
  </testcase> <!-- @BeforeClass springTestContextBeforeTestClass -->
  <testcase name="@BeforeClass springTestContextPrepareTestInstance" time="0.0" classname="org.broadleafcommerce.profile.test.CustomerAddressTest">
    <skipped/>
  </testcase> <!-- @BeforeClass springTestContextPrepareTestInstance -->
  <testcase name="@BeforeClass springTestContextBeforeTestClass" time="0.0" classname="org.broadleafcommerce.profile.test.PhoneTest">
    <skipped/>
  </testcase> <!-- @BeforeClass springTestContextBeforeTestClass -->
  <testcase name="@BeforeClass springTestContextPrepareTestInstance" time="0.0" classname="org.broadleafcommerce.profile.test.PhoneTest">
    <skipped/>
  </testcase> <!-- @BeforeClass springTestContextPrepareTestInstance -->
  <testcase name="@AfterClass tearDown" time="0.0" classname="org.broadleafcommerce.profile.test.CustomerPhoneTest">
    <skipped/>
  </testcase> <!-- @AfterClass tearDown -->
  <testcase name="@AfterClass tearDown" time="0.0" classname="org.broadleafcommerce.profile.test.CustomerTest">
    <skipped/>
  </testcase> <!-- @AfterClass tearDown -->
  <testcase name="@BeforeClass springTestContextBeforeTestClass" time="0.0" classname="org.broadleafcommerce.test.integration.OrderDaoTest">
    <skipped/>
  </testcase> <!-- @BeforeClass springTestContextBeforeTestClass -->
  <testcase name="@BeforeClass springTestContextPrepareTestInstance" time="0.0" classname="org.broadleafcommerce.test.integration.OrderDaoTest">
    <skipped/>
  </testcase> <!-- @BeforeClass springTestContextPrepareTestInstance -->
  <testcase name="@AfterClass tearDown" time="0.0" classname="org.broadleafcommerce.profile.test.CustomerAddressTest">
    <skipped/>
  </testcase> <!-- @AfterClass tearDown -->
  <testcase name="@AfterClass tearDown" time="0.0" classname="org.broadleafcommerce.profile.test.PhoneTest">
    <skipped/>
  </testcase> <!-- @AfterClass tearDown -->
  <testcase name="@AfterClass tearDown" time="0.0" classname="org.broadleafcommerce.test.integration.ProductDaoTest">
    <skipped/>
  </testcase> <!-- @AfterClass tearDown -->
  <testcase name="@BeforeClass springTestContextBeforeTestClass" time="0.0" classname="org.broadleafcommerce.test.integration.SkuDaoTest">
    <skipped/>
  </testcase> <!-- @BeforeClass springTestContextBeforeTestClass -->
  <testcase name="@BeforeClass springTestContextPrepareTestInstance" time="0.0" classname="org.broadleafcommerce.test.integration.SkuDaoTest">
    <skipped/>
  </testcase> <!-- @BeforeClass springTestContextPrepareTestInstance -->
  <testcase name="@AfterClass tearDown" time="0.0" classname="org.broadleafcommerce.test.integration.OrderDaoTest">
    <skipped/>
  </testcase> <!-- @AfterClass tearDown -->
  <testcase name="@BeforeClass springTestContextBeforeTestClass" time="0.0" classname="org.broadleafcommerce.test.integration.FulfillmentGroupDaoTest">
    <skipped/>
  </testcase> <!-- @BeforeClass springTestContextBeforeTestClass -->
  <testcase name="@BeforeClass springTestContextPrepareTestInstance" time="0.0" classname="org.broadleafcommerce.test.integration.FulfillmentGroupDaoTest">
    <skipped/>
  </testcase> <!-- @BeforeClass springTestContextPrepareTestInstance -->
  <testcase name="@BeforeClass springTestContextBeforeTestClass" time="0.0" classname="org.broadleafcommerce.test.integration.PaymentInfoServiceTest">
    <skipped/>
  </testcase> <!-- @BeforeClass springTestContextBeforeTestClass -->
  <testcase name="@BeforeClass springTestContextPrepareTestInstance" time="0.0" classname="org.broadleafcommerce.test.integration.PaymentInfoServiceTest">
    <skipped/>
  </testcase> <!-- @BeforeClass springTestContextPrepareTestInstance -->
  <testcase name="@AfterClass tearDown" time="0.0" classname="org.broadleafcommerce.test.integration.SkuDaoTest">
    <skipped/>
  </testcase> <!-- @AfterClass tearDown -->
  <testcase name="@BeforeClass springTestContextBeforeTestClass" time="0.0" classname="org.broadleafcommerce.test.integration.OrderItemDaoTest">
    <skipped/>
  </testcase> <!-- @BeforeClass springTestContextBeforeTestClass -->
  <testcase name="@BeforeClass springTestContextPrepareTestInstance" time="0.0" classname="org.broadleafcommerce.test.integration.OrderItemDaoTest">
    <skipped/>
  </testcase> <!-- @BeforeClass springTestContextPrepareTestInstance -->
  <testcase name="@AfterClass tearDown" time="0.0" classname="org.broadleafcommerce.test.integration.FulfillmentGroupDaoTest">
    <skipped/>
  </testcase> <!-- @AfterClass tearDown -->
  <testcase name="@AfterClass tearDown" time="0.0" classname="org.broadleafcommerce.test.integration.PaymentInfoServiceTest">
    <skipped/>
  </testcase> <!-- @AfterClass tearDown -->
  <testcase name="@BeforeClass springTestContextBeforeTestClass" time="0.0" classname="org.broadleafcommerce.test.integration.FulfillmentGroupItemDaoTest">
    <skipped/>
  </testcase> <!-- @BeforeClass springTestContextBeforeTestClass -->
  <testcase name="@BeforeClass springTestContextPrepareTestInstance" time="0.0" classname="org.broadleafcommerce.test.integration.FulfillmentGroupItemDaoTest">
    <skipped/>
  </testcase> <!-- @BeforeClass springTestContextPrepareTestInstance -->
  <testcase name="@AfterClass tearDown" time="0.0" classname="org.broadleafcommerce.test.integration.FulfillmentGroupItemDaoTest">
    <skipped/>
  </testcase> <!-- @AfterClass tearDown -->
  <testcase name="@AfterClass tearDown" time="0.0" classname="org.broadleafcommerce.test.integration.OrderItemDaoTest">
    <skipped/>
  </testcase> <!-- @AfterClass tearDown -->
  <testcase name="@BeforeClass springTestContextBeforeTestClass" time="0.0" classname="org.broadleafcommerce.test.integration.OfferServiceTest">
    <skipped/>
  </testcase> <!-- @BeforeClass springTestContextBeforeTestClass -->
  <testcase name="@BeforeClass springTestContextPrepareTestInstance" time="0.0" classname="org.broadleafcommerce.test.integration.OfferServiceTest">
    <skipped/>
  </testcase> <!-- @BeforeClass springTestContextPrepareTestInstance -->
  <testcase name="@AfterClass tearDown" time="0.0" classname="org.broadleafcommerce.test.integration.OfferServiceTest">
    <skipped/>
  </testcase> <!-- @AfterClass tearDown -->
  <testcase name="@AfterClass tearDown" time="0.0" classname="org.broadleafcommerce.test.integration.OrderTest">
    <skipped/>
  </testcase> <!-- @AfterClass tearDown -->
  <testcase name="testAdminRoleSave" time="0.052" classname="org.broadleafcommerce.security.test.AdminRoleTest"/>
  <testcase name="testCatalog" time="0.148" classname="org.broadleafcommerce.catalog.test.CatalogTest"/>
  <testcase name="testSkus" time="0.001" classname="org.broadleafcommerce.catalog.test.CatalogTest"/>
  <testcase name="testSynchronousEmail" time="0.094" classname="org.broadleafcommerce.email.test.EmailTest"/>
  <testcase name="testShippingInsert" time="0.004" classname="org.broadleafcommerce.pricing.test.PricingTest"/>
  <testcase name="createCustomerFromController" time="0.051" classname="org.broadleafcommerce.profile.test.RegisterCustomerControllerTest"/>
  <testcase name="viewRegisterCustomerFromController" time="0.001" classname="org.broadleafcommerce.profile.test.RegisterCustomerControllerTest"/>
  <testcase name="createSkuAvailability" time="0.002" classname="org.broadleafcommerce.inventory.test.SkuAvailabilityTest"/>
  <testcase name="createSkuAvailability" time="0.001" classname="org.broadleafcommerce.inventory.test.SkuAvailabilityTest"/>
  <testcase name="createSkuAvailability" time="0.001" classname="org.broadleafcommerce.inventory.test.SkuAvailabilityTest"/>
  <testcase name="createSkuAvailability" time="0.001" classname="org.broadleafcommerce.inventory.test.SkuAvailabilityTest"/>
  <testcase name="createSkuAvailability" time="0.001" classname="org.broadleafcommerce.inventory.test.SkuAvailabilityTest"/>
  <testcase name="createSkuAvailability" time="0.001" classname="org.broadleafcommerce.inventory.test.SkuAvailabilityTest"/>
  <testcase name="createSkuAvailability" time="0.001" classname="org.broadleafcommerce.inventory.test.SkuAvailabilityTest"/>
  <testcase name="createSkuAvailability" time="0.001" classname="org.broadleafcommerce.inventory.test.SkuAvailabilityTest"/>
  <testcase name="createSkuAvailability" time="0.002" classname="org.broadleafcommerce.inventory.test.SkuAvailabilityTest"/>
  <testcase name="createSkuAvailability" time="0.001" classname="org.broadleafcommerce.inventory.test.SkuAvailabilityTest"/>
  <testcase name="testAdminUserSave" time="0.007" classname="org.broadleafcommerce.security.test.AdminUserTest"/>
  <testcase name="testSetFeaturedProducts" time="0.011" classname="org.broadleafcommerce.test.integration.CategoryDaoTest"/>
  <testcase name="testDependencies" time="0.058" classname="org.broadleafcommerce.dependency.test.DependencyTest"/>
  <testcase name="createCountry" time="0.001" classname="org.broadleafcommerce.profile.test.AddressTest"/>
  <testcase name="testAdminPermissionSave" time="0.006" classname="org.broadleafcommerce.security.test.AdminPermissionTest"/>
  <testcase name="testMappings" time="0.001" classname="org.broadleafcommerce.test.integration.OrmTest"/>
  <testcase name="createCustomerIdGeneration" time="0.0" classname="org.broadleafcommerce.profile.test.CustomerTest"/>
  <testcase name="createCustomerPhoneFromController" time="0.001" classname="org.broadleafcommerce.profile.test.CustomerPhoneControllerTest">
    <skipped/>
  </testcase> <!-- createCustomerPhoneFromController -->
  <testcase name="createCustomerPhoneFromController" time="0.001" classname="org.broadleafcommerce.profile.test.CustomerPhoneControllerTest">
    <skipped/>
  </testcase> <!-- createCustomerPhoneFromController -->
  <testcase name="viewCustomerPhoneFromController" time="0.0" classname="org.broadleafcommerce.profile.test.CustomerPhoneControllerTest">
    <skipped/>
  </testcase> <!-- viewCustomerPhoneFromController -->
  <testcase name="testBasicMVELFunctions" time="0.001" classname="org.broadleafcommerce.test.integration.MVELTest">
    <skipped/>
  </testcase> <!-- testBasicMVELFunctions -->
  <testcase name="testOfferAppliesToFulfillmentGroup" time="0.0" classname="org.broadleafcommerce.test.integration.MVELTest">
    <skipped/>
  </testcase> <!-- testOfferAppliesToFulfillmentGroup -->
  <testcase name="testOfferAppliesToItemsInCategoryAndOrderValueGreaterThanFifty" time="0.0" classname="org.broadleafcommerce.test.integration.MVELTest">
    <skipped/>
  </testcase> <!-- testOfferAppliesToItemsInCategoryAndOrderValueGreaterThanFifty -->
  <testcase name="testOfferAppliesToSpecificItems" time="0.001" classname="org.broadleafcommerce.test.integration.MVELTest">
    <skipped/>
  </testcase> <!-- testOfferAppliesToSpecificItems -->
  <testcase name="test" time="0.0" classname="org.broadleafcommerce.test.integration.ExtensibilityTest">
    <skipped/>
  </testcase> <!-- test -->
  <testcase name="createId" time="0.001" classname="org.broadleafcommerce.profile.test.IdGenerationTest">
    <skipped/>
  </testcase> <!-- createId -->
  <testcase name="createIdForBeginEndSequence" time="0.0" classname="org.broadleafcommerce.profile.test.IdGenerationTest">
    <skipped/>
  </testcase> <!-- createIdForBeginEndSequence -->
  <testcase name="createProducts" time="0.0" classname="org.broadleafcommerce.test.integration.ProductDaoTest">
    <skipped/>
  </testcase> <!-- createProducts -->
  <testcase name="createProducts" time="0.0" classname="org.broadleafcommerce.test.integration.ProductDaoTest">
    <skipped/>
  </testcase> <!-- createProducts -->
  <testcase name="createProducts" time="0.0" classname="org.broadleafcommerce.test.integration.ProductDaoTest">
    <skipped/>
  </testcase> <!-- createProducts -->
  <testcase name="createProducts" time="0.0" classname="org.broadleafcommerce.test.integration.ProductDaoTest">
    <skipped/>
  </testcase> <!-- createProducts -->
  <testcase name="createProducts" time="0.001" classname="org.broadleafcommerce.test.integration.ProductDaoTest">
    <skipped/>
  </testcase> <!-- createProducts -->
  <testcase name="createProducts" time="0.0" classname="org.broadleafcommerce.test.integration.ProductDaoTest">
    <skipped/>
  </testcase> <!-- createProducts -->
  <testcase name="createProducts" time="0.0" classname="org.broadleafcommerce.test.integration.ProductDaoTest">
    <skipped/>
  </testcase> <!-- createProducts -->
  <testcase name="testFeaturedProduct" time="0.001" classname="org.broadleafcommerce.test.integration.ProductDaoTest">
    <skipped/>
  </testcase> <!-- testFeaturedProduct -->
  <testcase name="testProductAttributes" time="0.0" classname="org.broadleafcommerce.test.integration.ProductDaoTest">
    <skipped/>
  </testcase> <!-- testProductAttributes -->
  <testcase name="testReadProductsById" time="0.0" classname="org.broadleafcommerce.test.integration.ProductDaoTest">
    <skipped/>
  </testcase> <!-- testReadProductsById -->
  <testcase name="testReadProductsByName" time="0.001" classname="org.broadleafcommerce.test.integration.ProductDaoTest">
    <skipped/>
  </testcase> <!-- testReadProductsByName -->
  <testcase name="findCartForNullCustomerId" time="0.001" classname="org.broadleafcommerce.test.integration.OrderTest">
    <skipped/>
  </testcase> <!-- findCartForNullCustomerId -->
  <testcase name="testPricing" time="0.0" classname="org.broadleafcommerce.pricing.test.PricingTest">
    <skipped/>
  </testcase> <!-- testPricing -->
  <testcase name="testShipping" time="0.001" classname="org.broadleafcommerce.pricing.test.PricingTest">
    <skipped/>
  </testcase> <!-- testShipping -->
  <testcase name="checkAvailableQuantityWithNullQuantityOnHand" time="0.0" classname="org.broadleafcommerce.inventory.test.SkuAvailabilityTest">
    <skipped/>
  </testcase> <!-- checkAvailableQuantityWithNullQuantityOnHand -->
  <testcase name="checkAvailableQuantityWithNullReserveQty" time="0.001" classname="org.broadleafcommerce.inventory.test.SkuAvailabilityTest">
    <skipped/>
  </testcase> <!-- checkAvailableQuantityWithNullReserveQty -->
  <testcase name="checkAvailableQuantityWithReserveAndQOH" time="0.0" classname="org.broadleafcommerce.inventory.test.SkuAvailabilityTest">
    <skipped/>
  </testcase> <!-- checkAvailableQuantityWithReserveAndQOH -->
  <testcase name="readAvailableSkusForLocation" time="0.001" classname="org.broadleafcommerce.inventory.test.SkuAvailabilityTest">
    <skipped/>
  </testcase> <!-- readAvailableSkusForLocation -->
  <testcase name="readAvailableSkusForUnknownLocation" time="0.001" classname="org.broadleafcommerce.inventory.test.SkuAvailabilityTest">
    <skipped/>
  </testcase> <!-- readAvailableSkusForUnknownLocation -->
  <testcase name="readSKUAvailabilityEntries" time="0.0" classname="org.broadleafcommerce.inventory.test.SkuAvailabilityTest">
    <skipped/>
  </testcase> <!-- readSKUAvailabilityEntries -->
  <testcase name="createState" time="0.001" classname="org.broadleafcommerce.profile.test.AddressTest">
    <skipped/>
  </testcase> <!-- createState -->
  <testcase name="findCountries" time="0.001" classname="org.broadleafcommerce.profile.test.AddressTest">
    <skipped/>
  </testcase> <!-- findCountries -->
  <testcase name="createCustomer" time="0.0" classname="org.broadleafcommerce.profile.test.CustomerTest">
    <skipped/>
  </testcase> <!-- createCustomer -->
  <testcase name="createCustomer" time="0.001" classname="org.broadleafcommerce.profile.test.CustomerTest">
    <skipped/>
  </testcase> <!-- createCustomer -->
  <testcase name="makePhoneDefaultOnCustomerPhoneController" time="0.0" classname="org.broadleafcommerce.profile.test.CustomerPhoneControllerTest">
    <skipped/>
  </testcase> <!-- makePhoneDefaultOnCustomerPhoneController -->
  <testcase name="readCustomerPhoneFromController" time="0.0" classname="org.broadleafcommerce.profile.test.CustomerPhoneControllerTest">
    <skipped/>
  </testcase> <!-- readCustomerPhoneFromController -->
  <testcase name="viewExistingCustomerPhoneFromController" time="0.0" classname="org.broadleafcommerce.profile.test.CustomerPhoneControllerTest">
    <skipped/>
  </testcase> <!-- viewExistingCustomerPhoneFromController -->
  <testcase name="findIds" time="0.0" classname="org.broadleafcommerce.profile.test.IdGenerationTest">
    <skipped/>
  </testcase> <!-- findIds -->
  <testcase name="findIdsForBeginEndSequence" time="0.001" classname="org.broadleafcommerce.profile.test.IdGenerationTest">
    <skipped/>
  </testcase> <!-- findIdsForBeginEndSequence -->
  <testcase name="createUpSaleValues" time="0.0" classname="org.broadleafcommerce.test.integration.ProductDaoTest">
    <skipped/>
  </testcase> <!-- createUpSaleValues -->
  <testcase name="findCountryByShortName" time="0.0" classname="org.broadleafcommerce.profile.test.AddressTest">
    <skipped/>
  </testcase> <!-- findCountryByShortName -->
  <testcase name="findStates" time="0.0" classname="org.broadleafcommerce.profile.test.AddressTest">
    <skipped/>
  </testcase> <!-- findStates -->
  <testcase name="readCustomersByUsername1" time="0.001" classname="org.broadleafcommerce.profile.test.CustomerTest">
    <skipped/>
  </testcase> <!-- readCustomersByUsername1 -->
  <testcase name="readCustomersById" time="0.0" classname="org.broadleafcommerce.profile.test.CustomerTest">
    <skipped/>
  </testcase> <!-- readCustomersById -->
  <testcase name="testReadProductsWithUpSaleValues" time="0.0" classname="org.broadleafcommerce.test.integration.ProductDaoTest">
    <skipped/>
  </testcase> <!-- testReadProductsWithUpSaleValues -->
  <testcase name="createCustomerPhone" time="0.0" classname="org.broadleafcommerce.profile.test.CustomerPhoneTest">
    <skipped/>
  </testcase> <!-- createCustomerPhone -->
  <testcase name="findStateByAbbreviation" time="0.0" classname="org.broadleafcommerce.profile.test.AddressTest">
    <skipped/>
  </testcase> <!-- findStateByAbbreviation -->
  <testcase name="changeCustomerPasswords" time="0.0" classname="org.broadleafcommerce.profile.test.CustomerTest">
    <skipped/>
  </testcase> <!-- changeCustomerPasswords -->
  <testcase name="createCustomerAddress" time="0.0" classname="org.broadleafcommerce.profile.test.CustomerAddressTest">
    <skipped/>
  </testcase> <!-- createCustomerAddress -->
  <testcase name="createPhone" time="0.0" classname="org.broadleafcommerce.profile.test.PhoneTest">
    <skipped/>
  </testcase> <!-- createPhone -->
  <testcase name="createCrossSaleValues" time="0.0" classname="org.broadleafcommerce.test.integration.ProductDaoTest">
    <skipped/>
  </testcase> <!-- createCrossSaleValues -->
  <testcase name="readCustomerPhoneByUserId" time="0.0" classname="org.broadleafcommerce.profile.test.CustomerPhoneTest">
    <skipped/>
  </testcase> <!-- readCustomerPhoneByUserId -->
  <testcase name="readCustomersByUsername2" time="0.0" classname="org.broadleafcommerce.profile.test.CustomerTest">
    <skipped/>
  </testcase> <!-- readCustomersByUsername2 -->
  <testcase name="createOrder" time="0.0" classname="org.broadleafcommerce.test.integration.OrderDaoTest">
    <skipped/>
  </testcase> <!-- createOrder -->
  <testcase name="readCustomerAddressByUserId" time="0.0" classname="org.broadleafcommerce.profile.test.CustomerAddressTest">
    <skipped/>
  </testcase> <!-- readCustomerAddressByUserId -->
  <testcase name="readPhoneById" time="0.0" classname="org.broadleafcommerce.profile.test.PhoneTest">
    <skipped/>
  </testcase> <!-- readPhoneById -->
  <testcase name="testReadProductsWithCrossSaleValues" time="0.0" classname="org.broadleafcommerce.test.integration.ProductDaoTest">
    <skipped/>
  </testcase> <!-- testReadProductsWithCrossSaleValues -->
  <testcase name="createCartForCustomer" time="0.0" classname="org.broadleafcommerce.test.integration.OrderTest">
    <skipped/>
  </testcase> <!-- createCartForCustomer -->
  <testcase name="createSku" time="0.0" classname="org.broadleafcommerce.test.integration.SkuDaoTest">
    <skipped/>
  </testcase> <!-- createSku -->
  <testcase name="deleteOrderForCustomer" time="0.0" classname="org.broadleafcommerce.test.integration.OrderDaoTest">
    <skipped/>
  </testcase> <!-- deleteOrderForCustomer -->
  <testcase name="readOrderById" time="0.0" classname="org.broadleafcommerce.test.integration.OrderDaoTest">
    <skipped/>
  </testcase> <!-- readOrderById -->
  <testcase name="readOrdersForCustomer" time="0.0" classname="org.broadleafcommerce.test.integration.OrderDaoTest">
    <skipped/>
  </testcase> <!-- readOrdersForCustomer -->
  <testcase name="findCurrentCartForCustomer" time="0.0" classname="org.broadleafcommerce.test.integration.OrderTest">
    <skipped/>
  </testcase> <!-- findCurrentCartForCustomer -->
  <testcase name="createDefaultFulfillmentGroup" time="0.0" classname="org.broadleafcommerce.test.integration.FulfillmentGroupDaoTest">
    <skipped/>
  </testcase> <!-- createDefaultFulfillmentGroup -->
  <testcase name="createFulfillmentGroup" time="0.001" classname="org.broadleafcommerce.test.integration.FulfillmentGroupDaoTest">
    <skipped/>
  </testcase> <!-- createFulfillmentGroup -->
  <testcase name="createPaymentInfo" time="0.0" classname="org.broadleafcommerce.test.integration.PaymentInfoServiceTest">
    <skipped/>
  </testcase> <!-- createPaymentInfo -->
  <testcase name="readFirstSku" time="0.0" classname="org.broadleafcommerce.test.integration.SkuDaoTest">
    <skipped/>
  </testcase> <!-- readFirstSku -->
  <testcase name="readSkuById" time="0.0" classname="org.broadleafcommerce.test.integration.SkuDaoTest">
    <skipped/>
  </testcase> <!-- readSkuById -->
  <testcase name="createDiscreteOrderItem" time="0.0" classname="org.broadleafcommerce.test.integration.OrderItemDaoTest">
    <skipped/>
  </testcase> <!-- createDiscreteOrderItem -->
  <testcase name="getOrdersForCustomer" time="0.0" classname="org.broadleafcommerce.test.integration.OrderTest">
    <skipped/>
  </testcase> <!-- getOrdersForCustomer -->
  <testcase name="addItemToOrder" time="0.0" classname="org.broadleafcommerce.test.integration.OrderTest">
    <skipped/>
  </testcase> <!-- addItemToOrder -->
  <testcase name="readDefaultFulfillmentGroupForId" time="0.0" classname="org.broadleafcommerce.test.integration.FulfillmentGroupDaoTest">
    <skipped/>
  </testcase> <!-- readDefaultFulfillmentGroupForId -->
  <testcase name="readDefaultFulfillmentGroupForOrder" time="0.0" classname="org.broadleafcommerce.test.integration.FulfillmentGroupDaoTest">
    <skipped/>
  </testcase> <!-- readDefaultFulfillmentGroupForOrder -->
  <testcase name="readFulfillmentGroupsForId" time="0.0" classname="org.broadleafcommerce.test.integration.FulfillmentGroupDaoTest">
    <skipped/>
  </testcase> <!-- readFulfillmentGroupsForId -->
  <testcase name="createTestPaymentInfo" time="0.0" classname="org.broadleafcommerce.test.integration.PaymentInfoServiceTest">
    <skipped/>
  </testcase> <!-- createTestPaymentInfo -->
  <testcase name="readPaymentInfoById" time="0.0" classname="org.broadleafcommerce.test.integration.PaymentInfoServiceTest">
    <skipped/>
  </testcase> <!-- readPaymentInfoById -->
  <testcase name="readPaymentInfoByOrder" time="0.0" classname="org.broadleafcommerce.test.integration.PaymentInfoServiceTest">
    <skipped/>
  </testcase> <!-- readPaymentInfoByOrder -->
  <testcase name="createFulfillmentGroupItem" time="0.0" classname="org.broadleafcommerce.test.integration.FulfillmentGroupItemDaoTest">
    <skipped/>
  </testcase> <!-- createFulfillmentGroupItem -->
  <testcase name="readOrderItemsById" time="0.0" classname="org.broadleafcommerce.test.integration.OrderItemDaoTest">
    <skipped/>
  </testcase> <!-- readOrderItemsById -->
  <testcase name="findCartForAnonymousCustomer" time="0.0" classname="org.broadleafcommerce.test.integration.OrderTest">
    <skipped/>
  </testcase> <!-- findCartForAnonymousCustomer -->
  <testcase name="addAnotherItemToOrder" time="0.0" classname="org.broadleafcommerce.test.integration.OrderTest">
    <skipped/>
  </testcase> <!-- addAnotherItemToOrder -->
  <testcase name="readFulfillmentGroupItemsById" time="0.0" classname="org.broadleafcommerce.test.integration.FulfillmentGroupItemDaoTest">
    <skipped/>
  </testcase> <!-- readFulfillmentGroupItemsById -->
  <testcase name="readFulfillmentGroupItemsForFulfillmentGroup" time="0.001" classname="org.broadleafcommerce.test.integration.FulfillmentGroupItemDaoTest">
    <skipped/>
  </testcase> <!-- readFulfillmentGroupItemsForFulfillmentGroup -->
  <testcase name="createGiftWrapOrderItem" time="0.0" classname="org.broadleafcommerce.test.integration.OrderItemDaoTest">
    <skipped/>
  </testcase> <!-- createGiftWrapOrderItem -->
  <testcase name="findOrderByOrderNumber" time="0.0" classname="org.broadleafcommerce.test.integration.OrderTest">
    <skipped/>
  </testcase> <!-- findOrderByOrderNumber -->
  <testcase name="addBundleToOrder" time="0.0" classname="org.broadleafcommerce.test.integration.OrderTest">
    <skipped/>
  </testcase> <!-- addBundleToOrder -->
  <testcase name="readGiftWrapOrderItemsById" time="0.0" classname="org.broadleafcommerce.test.integration.OrderItemDaoTest">
    <skipped/>
  </testcase> <!-- readGiftWrapOrderItemsById -->
  <testcase name="findNamedOrderForCustomer" time="0.0" classname="org.broadleafcommerce.test.integration.OrderTest">
    <skipped/>
  </testcase> <!-- findNamedOrderForCustomer -->
  <testcase name="removeBundleFromOrder" time="0.0" classname="org.broadleafcommerce.test.integration.OrderTest">
    <skipped/>
  </testcase> <!-- removeBundleFromOrder -->
  <testcase name="deleteGiftWrapOrderItemsById" time="0.0" classname="org.broadleafcommerce.test.integration.OrderItemDaoTest">
    <skipped/>
  </testcase> <!-- deleteGiftWrapOrderItemsById -->
  <testcase name="getItemsForOrder" time="0.001" classname="org.broadleafcommerce.test.integration.OrderTest">
    <skipped/>
  </testcase> <!-- getItemsForOrder -->
  <testcase name="testReadOrdersForCustomer" time="0.0" classname="org.broadleafcommerce.test.integration.OrderTest">
    <skipped/>
  </testcase> <!-- testReadOrdersForCustomer -->
  <testcase name="testSubmitOrder" time="0.0" classname="org.broadleafcommerce.test.integration.OrderTest">
    <skipped/>
  </testcase> <!-- testSubmitOrder -->
  <testcase name="readOrderItemsByIdAfterGiftWrapDeletion" time="0.0" classname="org.broadleafcommerce.test.integration.OrderItemDaoTest">
    <skipped/>
  </testcase> <!-- readOrderItemsByIdAfterGiftWrapDeletion -->
  <testcase name="applyOffersToOrder" time="0.0" classname="org.broadleafcommerce.test.integration.OfferServiceTest">
    <skipped/>
  </testcase> <!-- applyOffersToOrder -->
  <testcase name="testOrderProperties" time="0.0" classname="org.broadleafcommerce.test.integration.OrderTest">
    <skipped/>
  </testcase> <!-- testOrderProperties -->
  <testcase name="removeItemFromOrder" time="0.0" classname="org.broadleafcommerce.test.integration.OrderTest">
    <skipped/>
  </testcase> <!-- removeItemFromOrder -->
  <testcase name="updateItemsInOrder" time="0.0" classname="org.broadleafcommerce.test.integration.OrderTest">
    <skipped/>
  </testcase> <!-- updateItemsInOrder -->
  <testcase name="testNamedOrderForCustomer" time="0.0" classname="org.broadleafcommerce.test.integration.OrderTest">
    <skipped/>
  </testcase> <!-- testNamedOrderForCustomer -->
  <testcase name="checkOrderItems" time="0.001" classname="org.broadleafcommerce.test.integration.OrderTest">
    <skipped/>
  </testcase> <!-- checkOrderItems -->
  <testcase name="testAddSkuToOrder" time="0.001" classname="org.broadleafcommerce.test.integration.OrderTest">
    <skipped/>
  </testcase> <!-- testAddSkuToOrder -->
  <testcase name="addPaymentToOrder" time="0.0" classname="org.broadleafcommerce.test.integration.OrderTest">
    <skipped/>
  </testcase> <!-- addPaymentToOrder -->
  <testcase name="testOrderPaymentInfos" time="0.0" classname="org.broadleafcommerce.test.integration.OrderTest">
    <skipped/>
  </testcase> <!-- testOrderPaymentInfos -->
  <testcase name="addFulfillmentGroupToOrderFirst" time="0.0" classname="org.broadleafcommerce.test.integration.OrderTest">
    <skipped/>
  </testcase> <!-- addFulfillmentGroupToOrderFirst -->
  <testcase name="addItemToFulfillmentgroupSecond" time="0.0" classname="org.broadleafcommerce.test.integration.OrderTest">
    <skipped/>
  </testcase> <!-- addItemToFulfillmentgroupSecond -->
  <testcase name="findDefaultFillmentGroupForOrder" time="0.0" classname="org.broadleafcommerce.test.integration.OrderTest">
    <skipped/>
  </testcase> <!-- findDefaultFillmentGroupForOrder -->
  <testcase name="findFillmentGroupForOrderFirst" time="0.0" classname="org.broadleafcommerce.test.integration.OrderTest">
    <skipped/>
  </testcase> <!-- findFillmentGroupForOrderFirst -->
  <testcase name="removeFulfillmentGroupFromOrder" time="0.0" classname="org.broadleafcommerce.test.integration.OrderTest">
    <skipped/>
  </testcase> <!-- removeFulfillmentGroupFromOrder -->
  <testcase name="removeItemFromOrderAfterFulfillmentGroups" time="0.0" classname="org.broadleafcommerce.test.integration.OrderTest">
    <skipped/>
  </testcase> <!-- removeItemFromOrderAfterFulfillmentGroups -->
</testsuite> <!-- commerce-integrationtest -->
