<?xml version="1.0" encoding="UTF-8"?>
<testng-results skipped="109" failed="0" total="170" passed="61">
  <reporter-output>
  </reporter-output>
  <suite name="BroadleafCommerce Test Suite" duration-ms="8514" started-at="2019-09-04T21:37:13Z" finished-at="2019-09-04T21:37:22Z">
    <groups>
      <group name="createOrder">
        <method signature="OrderDaoTest.createOrder(org.broadleafcommerce.order.domain.Order)[pri:0, instance:org.broadleafcommerce.test.integration.OrderDaoTest@7f77e91b]" name="createOrder" class="org.broadleafcommerce.test.integration.OrderDaoTest"/>
      </group> <!-- createOrder -->
      <group name="createCustomers">
        <method signature="CustomerTest.createCustomer(org.broadleafcommerce.profile.domain.Customer)[pri:0, instance:org.broadleafcommerce.profile.test.CustomerTest@145eaa29]" name="createCustomer" class="org.broadleafcommerce.profile.test.CustomerTest"/>
      </group> <!-- createCustomers -->
      <group name="createCountry">
        <method signature="AddressTest.createCountry()[pri:0, instance:org.broadleafcommerce.profile.test.AddressTest@3d299e3]" name="createCountry" class="org.broadleafcommerce.profile.test.AddressTest"/>
      </group> <!-- createCountry -->
      <group name="testAdminRoleSave">
        <method signature="AdminRoleTest.testAdminRoleSave(org.broadleafcommerce.security.domain.AdminRole)[pri:0, instance:org.broadleafcommerce.security.test.AdminRoleTest@78b1cc93]" name="testAdminRoleSave" class="org.broadleafcommerce.security.test.AdminRoleTest"/>
      </group> <!-- testAdminRoleSave -->
      <group name="testOfferNotStackableItemOffers">
        <method signature="OfferTest.testOfferNotStackableItemOffers()[pri:0, instance:org.broadleafcommerce.offer.test.OfferTest@7995092a]" name="testOfferNotStackableItemOffers" class="org.broadleafcommerce.offer.test.OfferTest"/>
      </group> <!-- testOfferNotStackableItemOffers -->
      <group name="testCustomerAssociatedOffers2">
        <method signature="OfferTest.testCustomerAssociatedOffers2()[pri:0, instance:org.broadleafcommerce.offer.test.OfferTest@7995092a]" name="testCustomerAssociatedOffers2" class="org.broadleafcommerce.offer.test.OfferTest"/>
      </group> <!-- testCustomerAssociatedOffers2 -->
      <group name="testReadProductsWithCrossSaleValues">
        <method signature="ProductDaoTest.testReadProductsWithCrossSaleValues(org.broadleafcommerce.catalog.domain.Product)[pri:0, instance:org.broadleafcommerce.test.integration.ProductDaoTest@3b2da18f]" name="testReadProductsWithCrossSaleValues" class="org.broadleafcommerce.test.integration.ProductDaoTest"/>
      </group> <!-- testReadProductsWithCrossSaleValues -->
      <group name="findIds">
        <method signature="IdGenerationTest.findIds()[pri:0, instance:org.broadleafcommerce.profile.test.IdGenerationTest@50a7bc6e]" name="findIds" class="org.broadleafcommerce.profile.test.IdGenerationTest"/>
      </group> <!-- findIds -->
      <group name="testCreatePaymentInfo">
        <method signature="PaymentInfoServiceTest.createTestPaymentInfo()[pri:0, instance:org.broadleafcommerce.test.integration.PaymentInfoServiceTest@6295d394]" name="createTestPaymentInfo" class="org.broadleafcommerce.test.integration.PaymentInfoServiceTest"/>
      </group> <!-- testCreatePaymentInfo -->
      <group name="testOfferNotCombinableOrderOffers">
        <method signature="OfferTest.testOfferNotCombinableOrderOffers()[pri:0, instance:org.broadleafcommerce.offer.test.OfferTest@7995092a]" name="testOfferNotCombinableOrderOffers" class="org.broadleafcommerce.offer.test.OfferTest"/>
      </group> <!-- testOfferNotCombinableOrderOffers -->
      <group name="createState">
        <method signature="AddressTest.createState()[pri:0, instance:org.broadleafcommerce.profile.test.AddressTest@3d299e3]" name="createState" class="org.broadleafcommerce.profile.test.AddressTest"/>
      </group> <!-- createState -->
      <group name="testOfferLowerSalePriceWithNotCombinableOffer2">
        <method signature="OfferTest.testOfferLowerSalePriceWithNotCombinableOffer2()[pri:0, instance:org.broadleafcommerce.offer.test.OfferTest@7995092a]" name="testOfferLowerSalePriceWithNotCombinableOffer2" class="org.broadleafcommerce.offer.test.OfferTest"/>
      </group> <!-- testOfferLowerSalePriceWithNotCombinableOffer2 -->
      <group name="readFulfillmentGroupsForId">
        <method signature="FulfillmentGroupDaoTest.readFulfillmentGroupsForId()[pri:0, instance:org.broadleafcommerce.test.integration.FulfillmentGroupDaoTest@1b083826]" name="readFulfillmentGroupsForId" class="org.broadleafcommerce.test.integration.FulfillmentGroupDaoTest"/>
      </group> <!-- readFulfillmentGroupsForId -->
      <group name="testCustomerOffers">
        <method signature="OfferTest.testCustomerOffers()[pri:0, instance:org.broadleafcommerce.offer.test.OfferTest@7995092a]" name="testCustomerOffers" class="org.broadleafcommerce.offer.test.OfferTest"/>
      </group> <!-- testCustomerOffers -->
      <group name="testReadAllOffers">
        <method signature="OfferTest.testReadAllOffers()[pri:0, instance:org.broadleafcommerce.offer.test.OfferTest@7995092a]" name="testReadAllOffers" class="org.broadleafcommerce.offer.test.OfferTest"/>
      </group> <!-- testReadAllOffers -->
      <group name="createSku">
        <method signature="SkuDaoTest.createSku(org.broadleafcommerce.catalog.domain.Sku)[pri:0, instance:org.broadleafcommerce.test.integration.SkuDaoTest@55a1c291]" name="createSku" class="org.broadleafcommerce.test.integration.SkuDaoTest"/>
      </group> <!-- createSku -->
      <group name="findStates">
        <method signature="AddressTest.findStates()[pri:0, instance:org.broadleafcommerce.profile.test.AddressTest@3d299e3]" name="findStates" class="org.broadleafcommerce.profile.test.AddressTest"/>
      </group> <!-- findStates -->
      <group name="removeBundleFromOrder">
        <method signature="OrderTest.removeBundleFromOrder()[pri:0, instance:org.broadleafcommerce.test.integration.OrderTest@214b199c]" name="removeBundleFromOrder" class="org.broadleafcommerce.test.integration.OrderTest"/>
      </group> <!-- removeBundleFromOrder -->
      <group name="testOfferLowerSalePriceWithNotCombinableOffer">
        <method signature="OfferTest.testOfferLowerSalePriceWithNotCombinableOffer()[pri:0, instance:org.broadleafcommerce.offer.test.OfferTest@7995092a]" name="testOfferLowerSalePriceWithNotCombinableOffer" class="org.broadleafcommerce.offer.test.OfferTest"/>
      </group> <!-- testOfferLowerSalePriceWithNotCombinableOffer -->
      <group name="testOrderWithAllCombinableOffers_Order_Item_Fulfillment">
        <method signature="OfferTest.testOrderWithAllCombinableOffers_Order_Item_Fulfillment()[pri:0, instance:org.broadleafcommerce.offer.test.OfferTest@7995092a]" name="testOrderWithAllCombinableOffers_Order_Item_Fulfillment" class="org.broadleafcommerce.offer.test.OfferTest"/>
      </group> <!-- testOrderWithAllCombinableOffers_Order_Item_Fulfillment -->
      <group name="testOfferGreaterDiscountSort">
        <method signature="OfferTest.testOfferGreaterDiscountSort()[pri:0, instance:org.broadleafcommerce.offer.test.OfferTest@7995092a]" name="testOfferGreaterDiscountSort" class="org.broadleafcommerce.offer.test.OfferTest"/>
      </group> <!-- testOfferGreaterDiscountSort -->
      <group name="testOrderWithCombinable_ItemAndShipping_NonCombinable_Order_Apply_Percent">
        <method signature="OfferTest.testOrderWithCombinable_ItemAndShipping_NonCombinable_Order_Apply_Percent()[pri:0, instance:org.broadleafcommerce.offer.test.OfferTest@7995092a]" name="testOrderWithCombinable_ItemAndShipping_NonCombinable_Order_Apply_Percent" class="org.broadleafcommerce.offer.test.OfferTest"/>
      </group> <!-- testOrderWithCombinable_ItemAndShipping_NonCombinable_Order_Apply_Percent -->
      <group name="readPaymentInfosByOrder">
        <method signature="PaymentInfoServiceTest.readPaymentInfoByOrder()[pri:0, instance:org.broadleafcommerce.test.integration.PaymentInfoServiceTest@6295d394]" name="readPaymentInfoByOrder" class="org.broadleafcommerce.test.integration.PaymentInfoServiceTest"/>
      </group> <!-- readPaymentInfosByOrder -->
      <group name="readFulfillmentGroupItemsForFulfillmentGroup">
        <method signature="FulfillmentGroupItemDaoTest.readFulfillmentGroupItemsForFulfillmentGroup()[pri:0, instance:org.broadleafcommerce.test.integration.FulfillmentGroupItemDaoTest@25a65b77]" name="readFulfillmentGroupItemsForFulfillmentGroup" class="org.broadleafcommerce.test.integration.FulfillmentGroupItemDaoTest"/>
      </group> <!-- readFulfillmentGroupItemsForFulfillmentGroup -->
      <group name="readFulfillmentGroupItemsById">
        <method signature="FulfillmentGroupItemDaoTest.readFulfillmentGroupItemsById()[pri:0, instance:org.broadleafcommerce.test.integration.FulfillmentGroupItemDaoTest@25a65b77]" name="readFulfillmentGroupItemsById" class="org.broadleafcommerce.test.integration.FulfillmentGroupItemDaoTest"/>
      </group> <!-- readFulfillmentGroupItemsById -->
      <group name="testOfferSortWhenOfferAppliedToMultipleQuantityItems">
        <method signature="OfferTest.testOfferSortWhenOfferAppliedToMultipleQuantityItems()[pri:0, instance:org.broadleafcommerce.offer.test.OfferTest@7995092a]" name="testOfferSortWhenOfferAppliedToMultipleQuantityItems" class="org.broadleafcommerce.offer.test.OfferTest"/>
      </group> <!-- testOfferSortWhenOfferAppliedToMultipleQuantityItems -->
      <group name="paginationObject">
        <method signature="PaginationCommandObjectTest.testDisplayList()[pri:0, instance:org.broadleafcommerce.layout.test.PaginationCommandObjectTest@60dcc9fe]" name="testDisplayList" class="org.broadleafcommerce.layout.test.PaginationCommandObjectTest"/>
        <method signature="PaginationCommandObjectTest.testFullList()[pri:0, instance:org.broadleafcommerce.layout.test.PaginationCommandObjectTest@60dcc9fe]" name="testFullList" class="org.broadleafcommerce.layout.test.PaginationCommandObjectTest"/>
        <method signature="PaginationCommandObjectTest.testIndices()[pri:0, instance:org.broadleafcommerce.layout.test.PaginationCommandObjectTest@60dcc9fe]" name="testIndices" class="org.broadleafcommerce.layout.test.PaginationCommandObjectTest"/>
      </group> <!-- paginationObject -->
      <group name="testNamedOrderForCustomer">
        <method signature="OrderTest.testNamedOrderForCustomer()[pri:0, instance:org.broadleafcommerce.test.integration.OrderTest@214b199c]" name="testNamedOrderForCustomer" class="org.broadleafcommerce.test.integration.OrderTest"/>
      </group> <!-- testNamedOrderForCustomer -->
      <group name="testOfferLowerSalePriceWithNotCombinableOfferAndInformation">
        <method signature="OfferTest.testOfferLowerSalePriceWithNotCombinableOfferAndInformation()[pri:0, instance:org.broadleafcommerce.offer.test.OfferTest@7995092a]" name="testOfferLowerSalePriceWithNotCombinableOfferAndInformation" class="org.broadleafcommerce.offer.test.OfferTest"/>
      </group> <!-- testOfferLowerSalePriceWithNotCombinableOfferAndInformation -->
      <group name="addAnotherItemToOrder">
        <method signature="OrderTest.addAnotherItemToOrder()[pri:0, instance:org.broadleafcommerce.test.integration.OrderTest@214b199c]" name="addAnotherItemToOrder" class="org.broadleafcommerce.test.integration.OrderTest"/>
      </group> <!-- addAnotherItemToOrder -->
      <group name="viewExistingCustomerPhoneFromController">
        <method signature="CustomerPhoneControllerTest.viewExistingCustomerPhoneFromController()[pri:0, instance:org.broadleafcommerce.profile.test.CustomerPhoneControllerTest@589b3632]" name="viewExistingCustomerPhoneFromController" class="org.broadleafcommerce.profile.test.CustomerPhoneControllerTest"/>
      </group> <!-- viewExistingCustomerPhoneFromController -->
      <group name="findIdsForBeginEndSequence">
        <method signature="IdGenerationTest.findIdsForBeginEndSequence()[pri:0, instance:org.broadleafcommerce.profile.test.IdGenerationTest@50a7bc6e]" name="findIdsForBeginEndSequence" class="org.broadleafcommerce.profile.test.IdGenerationTest"/>
      </group> <!-- findIdsForBeginEndSequence -->
      <group name="findStateByAbbreviation">
        <method signature="AddressTest.findStateByAbbreviation()[pri:0, instance:org.broadleafcommerce.profile.test.AddressTest@3d299e3]" name="findStateByAbbreviation" class="org.broadleafcommerce.profile.test.AddressTest"/>
      </group> <!-- findStateByAbbreviation -->
      <group name="testFulfillmentGroupOffers">
        <method signature="OfferTest.testFulfillmentGroupOffers()[pri:0, instance:org.broadleafcommerce.offer.test.OfferTest@7995092a]" name="testFulfillmentGroupOffers" class="org.broadleafcommerce.offer.test.OfferTest"/>
      </group> <!-- testFulfillmentGroupOffers -->
      <group name="testGlobalOffers">
        <method signature="OfferTest.testGlobalOffers()[pri:0, instance:org.broadleafcommerce.offer.test.OfferTest@7995092a]" name="testGlobalOffers" class="org.broadleafcommerce.offer.test.OfferTest"/>
      </group> <!-- testGlobalOffers -->
      <group name="deleteGiftWrapOrderItemsById">
        <method signature="OrderItemDaoTest.deleteGiftWrapOrderItemsById()[pri:0, instance:org.broadleafcommerce.test.integration.OrderItemDaoTest@358c99f5]" name="deleteGiftWrapOrderItemsById" class="org.broadleafcommerce.test.integration.OrderItemDaoTest"/>
      </group> <!-- deleteGiftWrapOrderItemsById -->
      <group name="findFulFillmentGroupForOrderFirst">
        <method signature="OrderTest.findFillmentGroupForOrderFirst()[pri:0, instance:org.broadleafcommerce.test.integration.OrderTest@214b199c]" name="findFillmentGroupForOrderFirst" class="org.broadleafcommerce.test.integration.OrderTest"/>
      </group> <!-- findFulFillmentGroupForOrderFirst -->
      <group name="addBundleToOrder">
        <method signature="OrderTest.addBundleToOrder()[pri:0, instance:org.broadleafcommerce.test.integration.OrderTest@214b199c]" name="addBundleToOrder" class="org.broadleafcommerce.test.integration.OrderTest"/>
      </group> <!-- addBundleToOrder -->
      <group name="deleteOrderForCustomer">
        <method signature="OrderDaoTest.deleteOrderForCustomer()[pri:0, instance:org.broadleafcommerce.test.integration.OrderDaoTest@7f77e91b]" name="deleteOrderForCustomer" class="org.broadleafcommerce.test.integration.OrderDaoTest"/>
      </group> <!-- deleteOrderForCustomer -->
      <group name="readCustomer2">
        <method signature="CustomerTest.readCustomersByUsername2()[pri:0, instance:org.broadleafcommerce.profile.test.CustomerTest@145eaa29]" name="readCustomersByUsername2" class="org.broadleafcommerce.profile.test.CustomerTest"/>
      </group> <!-- readCustomer2 -->
      <group name="readCustomer1">
        <method signature="CustomerTest.readCustomersByUsername1()[pri:0, instance:org.broadleafcommerce.profile.test.CustomerTest@145eaa29]" name="readCustomersByUsername1" class="org.broadleafcommerce.profile.test.CustomerTest"/>
      </group> <!-- readCustomer1 -->
      <group name="offerCreateSku2">
        <method signature="OfferTest.createSku2(org.broadleafcommerce.catalog.domain.Sku)[pri:0, instance:org.broadleafcommerce.offer.test.OfferTest@7995092a]" name="createSku2" class="org.broadleafcommerce.offer.test.OfferTest"/>
      </group> <!-- offerCreateSku2 -->
      <group name="findCountryByShortName">
        <method signature="AddressTest.findCountryByShortName()[pri:0, instance:org.broadleafcommerce.profile.test.AddressTest@3d299e3]" name="findCountryByShortName" class="org.broadleafcommerce.profile.test.AddressTest"/>
      </group> <!-- findCountryByShortName -->
      <group name="offerCreateSku1">
        <method signature="OfferTest.createSku1(org.broadleafcommerce.catalog.domain.Sku)[pri:0, instance:org.broadleafcommerce.offer.test.OfferTest@7995092a]" name="createSku1" class="org.broadleafcommerce.offer.test.OfferTest"/>
      </group> <!-- offerCreateSku1 -->
      <group name="findDefaultFulFillmentGroupForOrder">
        <method signature="OrderTest.findDefaultFillmentGroupForOrder()[pri:0, instance:org.broadleafcommerce.test.integration.OrderTest@214b199c]" name="findDefaultFillmentGroupForOrder" class="org.broadleafcommerce.test.integration.OrderTest"/>
      </group> <!-- findDefaultFulFillmentGroupForOrder -->
      <group name="addItemToFulfillmentGroupSecond">
        <method signature="OrderTest.addItemToFulfillmentgroupSecond()[pri:0, instance:org.broadleafcommerce.test.integration.OrderTest@214b199c]" name="addItemToFulfillmentgroupSecond" class="org.broadleafcommerce.test.integration.OrderTest"/>
      </group> <!-- addItemToFulfillmentGroupSecond -->
      <group name="testOfferNotCombinableItemOffers">
        <method signature="OfferTest.testOfferNotCombinableItemOffers()[pri:0, instance:org.broadleafcommerce.offer.test.OfferTest@7995092a]" name="testOfferNotCombinableItemOffers" class="org.broadleafcommerce.offer.test.OfferTest"/>
      </group> <!-- testOfferNotCombinableItemOffers -->
      <group name="testOfferLowerSalePrice">
        <method signature="OfferTest.testOfferLowerSalePrice()[pri:0, instance:org.broadleafcommerce.offer.test.OfferTest@7995092a]" name="testOfferLowerSalePrice" class="org.broadleafcommerce.offer.test.OfferTest"/>
      </group> <!-- testOfferLowerSalePrice -->
      <group name="testOfferCodeDao">
        <method signature="OfferTest.testOfferCodeDao()[pri:0, instance:org.broadleafcommerce.offer.test.OfferTest@7995092a]" name="testOfferCodeDao" class="org.broadleafcommerce.offer.test.OfferTest"/>
      </group> <!-- testOfferCodeDao -->
      <group name="testOfferNotCombinableOrderOffersWithItemOffer">
        <method signature="OfferTest.testOfferNotCombinableOrderOffersWithItemOffer()[pri:0, instance:org.broadleafcommerce.offer.test.OfferTest@7995092a]" name="testOfferNotCombinableOrderOffersWithItemOffer" class="org.broadleafcommerce.offer.test.OfferTest"/>
      </group> <!-- testOfferNotCombinableOrderOffersWithItemOffer -->
      <group name="viewCustomerPhoneFromController">
        <method signature="CustomerPhoneControllerTest.viewCustomerPhoneFromController()[pri:0, instance:org.broadleafcommerce.profile.test.CustomerPhoneControllerTest@589b3632]" name="viewCustomerPhoneFromController" class="org.broadleafcommerce.profile.test.CustomerPhoneControllerTest"/>
      </group> <!-- viewCustomerPhoneFromController -->
      <group name="createPhone">
        <method signature="PhoneTest.createPhone(org.broadleafcommerce.profile.domain.Phone)[pri:0, instance:org.broadleafcommerce.profile.test.PhoneTest@4d826d77]" name="createPhone" class="org.broadleafcommerce.profile.test.PhoneTest"/>
      </group> <!-- createPhone -->
      <group name="testOfferNotStackableOrderOffers">
        <method signature="OfferTest.testOfferNotStackableOrderOffers()[pri:0, instance:org.broadleafcommerce.offer.test.OfferTest@7995092a]" name="testOfferNotStackableOrderOffers" class="org.broadleafcommerce.offer.test.OfferTest"/>
      </group> <!-- testOfferNotStackableOrderOffers -->
      <group name="applyOffersToOrder">
        <method signature="OfferServiceTest.applyOffersToOrder(java.util.List)[pri:0, instance:org.broadleafcommerce.test.integration.OfferServiceTest@52aa2946]" name="applyOffersToOrder" class="org.broadleafcommerce.test.integration.OfferServiceTest"/>
      </group> <!-- applyOffersToOrder -->
      <group name="testReadOrdersForCustomer">
        <method signature="OrderTest.testReadOrdersForCustomer()[pri:0, instance:org.broadleafcommerce.test.integration.OrderTest@214b199c]" name="testReadOrdersForCustomer" class="org.broadleafcommerce.test.integration.OrderTest"/>
      </group> <!-- testReadOrdersForCustomer -->
      <group name="testOrderProperties">
        <method signature="OrderTest.testOrderProperties()[pri:0, instance:org.broadleafcommerce.test.integration.OrderTest@214b199c]" name="testOrderProperties" class="org.broadleafcommerce.test.integration.OrderTest"/>
      </group> <!-- testOrderProperties -->
      <group name="createPaymentInfo">
        <method signature="PaymentInfoServiceTest.createPaymentInfo(org.broadleafcommerce.payment.domain.PaymentInfo)[pri:0, instance:org.broadleafcommerce.test.integration.PaymentInfoServiceTest@6295d394]" name="createPaymentInfo" class="org.broadleafcommerce.test.integration.PaymentInfoServiceTest"/>
      </group> <!-- createPaymentInfo -->
      <group name="viewRegisterCustomerFromController">
        <method signature="RegisterCustomerControllerTest.viewRegisterCustomerFromController()[pri:0, instance:org.broadleafcommerce.profile.test.RegisterCustomerControllerTest@667a738]" name="viewRegisterCustomerFromController" class="org.broadleafcommerce.profile.test.RegisterCustomerControllerTest"/>
      </group> <!-- viewRegisterCustomerFromController -->
      <group name="readCustomer">
        <method signature="CustomerTest.readCustomersById()[pri:0, instance:org.broadleafcommerce.profile.test.CustomerTest@145eaa29]" name="readCustomersById" class="org.broadleafcommerce.profile.test.CustomerTest"/>
      </group> <!-- readCustomer -->
      <group name="testReadProductsWithUpSaleValues">
        <method signature="ProductDaoTest.testReadProductsWithUpSaleValues(org.broadleafcommerce.catalog.domain.Product)[pri:0, instance:org.broadleafcommerce.test.integration.ProductDaoTest@3b2da18f]" name="testReadProductsWithUpSaleValues" class="org.broadleafcommerce.test.integration.ProductDaoTest"/>
      </group> <!-- testReadProductsWithUpSaleValues -->
      <group name="findNamedOrderForCustomer">
        <method signature="OrderTest.findNamedOrderForCustomer()[pri:0, instance:org.broadleafcommerce.test.integration.OrderTest@214b199c]" name="findNamedOrderForCustomer" class="org.broadleafcommerce.test.integration.OrderTest"/>
      </group> <!-- findNamedOrderForCustomer -->
      <group name="updateItemsInOrder">
        <method signature="OrderTest.updateItemsInOrder()[pri:0, instance:org.broadleafcommerce.test.integration.OrderTest@214b199c]" name="updateItemsInOrder" class="org.broadleafcommerce.test.integration.OrderTest"/>
      </group> <!-- updateItemsInOrder -->
      <group name="getItemsForOrder">
        <method signature="OrderTest.getItemsForOrder()[pri:0, instance:org.broadleafcommerce.test.integration.OrderTest@214b199c]" name="getItemsForOrder" class="org.broadleafcommerce.test.integration.OrderTest"/>
      </group> <!-- getItemsForOrder -->
      <group name="readPaymentInfoById">
        <method signature="PaymentInfoServiceTest.readPaymentInfoById()[pri:0, instance:org.broadleafcommerce.test.integration.PaymentInfoServiceTest@6295d394]" name="readPaymentInfoById" class="org.broadleafcommerce.test.integration.PaymentInfoServiceTest"/>
      </group> <!-- readPaymentInfoById -->
      <group name="createCustomerAddress">
        <method signature="CustomerAddressTest.createCustomerAddress(org.broadleafcommerce.profile.domain.CustomerAddress)[pri:0, instance:org.broadleafcommerce.profile.test.CustomerAddressTest@491666ad]" name="createCustomerAddress" class="org.broadleafcommerce.profile.test.CustomerAddressTest"/>
      </group> <!-- createCustomerAddress -->
      <group name="createDiscreteOrderItem">
        <method signature="OrderItemDaoTest.createDiscreteOrderItem(org.broadleafcommerce.order.domain.DiscreteOrderItem)[pri:0, instance:org.broadleafcommerce.test.integration.OrderItemDaoTest@358c99f5]" name="createDiscreteOrderItem" class="org.broadleafcommerce.test.integration.OrderItemDaoTest"/>
      </group> <!-- createDiscreteOrderItem -->
      <group name="createCustomerIdGeneration">
        <method signature="CustomerTest.createCustomerIdGeneration()[pri:0, instance:org.broadleafcommerce.profile.test.CustomerTest@145eaa29]" name="createCustomerIdGeneration" class="org.broadleafcommerce.profile.test.CustomerTest"/>
      </group> <!-- createCustomerIdGeneration -->
      <group name="offerUsedForPricing">
        <method signature="OfferTest.testOfferUsedForPricing()[pri:0, instance:org.broadleafcommerce.offer.test.OfferTest@7995092a]" name="testOfferUsedForPricing" class="org.broadleafcommerce.offer.test.OfferTest"/>
      </group> <!-- offerUsedForPricing -->
      <group name="testOfferSortWhenOfferAppliedToMultipleItems">
        <method signature="OfferTest.testOfferSortWhenOfferAppliedToMultipleItems()[pri:0, instance:org.broadleafcommerce.offer.test.OfferTest@7995092a]" name="testOfferSortWhenOfferAppliedToMultipleItems" class="org.broadleafcommerce.offer.test.OfferTest"/>
      </group> <!-- testOfferSortWhenOfferAppliedToMultipleItems -->
      <group name="createCustomerPhone">
        <method signature="CustomerPhoneTest.createCustomerPhone(org.broadleafcommerce.profile.domain.CustomerPhone)[pri:0, instance:org.broadleafcommerce.profile.test.CustomerPhoneTest@5762806e]" name="createCustomerPhone" class="org.broadleafcommerce.profile.test.CustomerPhoneTest"/>
      </group> <!-- createCustomerPhone -->
      <group name="findCartForAnonymousCustomer">
        <method signature="OrderTest.findCartForAnonymousCustomer()[pri:0, instance:org.broadleafcommerce.test.integration.OrderTest@214b199c]" name="findCartForAnonymousCustomer" class="org.broadleafcommerce.test.integration.OrderTest"/>
      </group> <!-- findCartForAnonymousCustomer -->
      <group name="createCartForCustomer">
        <method signature="OrderTest.createCartForCustomer()[pri:0, instance:org.broadleafcommerce.test.integration.OrderTest@214b199c]" name="createCartForCustomer" class="org.broadleafcommerce.test.integration.OrderTest"/>
      </group> <!-- createCartForCustomer -->
      <group name="testPercentageOffOffer">
        <method signature="OfferTest.testPercentOffOfferWithScaleGreaterThanTwo()[pri:0, instance:org.broadleafcommerce.offer.test.OfferTest@7995092a]" name="testPercentOffOfferWithScaleGreaterThanTwo" class="org.broadleafcommerce.offer.test.OfferTest"/>
      </group> <!-- testPercentageOffOffer -->
      <group name="createIdForBeginEndSequence">
        <method signature="IdGenerationTest.createIdForBeginEndSequence()[pri:0, instance:org.broadleafcommerce.profile.test.IdGenerationTest@50a7bc6e]" name="createIdForBeginEndSequence" class="org.broadleafcommerce.profile.test.IdGenerationTest"/>
      </group> <!-- createIdForBeginEndSequence -->
      <group name="testFulfillmentGroupOffers_MultipleNonCombinable_ApplyNonCombinable">
        <method signature="OfferTest.testFulfillmentGroupOffers_MultipleNonCombinable_ApplyNonCombinable()[pri:0, instance:org.broadleafcommerce.offer.test.OfferTest@7995092a]" name="testFulfillmentGroupOffers_MultipleNonCombinable_ApplyNonCombinable" class="org.broadleafcommerce.offer.test.OfferTest"/>
      </group> <!-- testFulfillmentGroupOffers_MultipleNonCombinable_ApplyNonCombinable -->
      <group name="removeItemFromOrder">
        <method signature="OrderTest.removeItemFromOrder()[pri:0, instance:org.broadleafcommerce.test.integration.OrderTest@214b199c]" name="removeItemFromOrder" class="org.broadleafcommerce.test.integration.OrderTest"/>
      </group> <!-- removeItemFromOrder -->
      <group name="readDefaultFulfillmentGroupForOrder">
        <method signature="FulfillmentGroupDaoTest.readDefaultFulfillmentGroupForOrder()[pri:0, instance:org.broadleafcommerce.test.integration.FulfillmentGroupDaoTest@1b083826]" name="readDefaultFulfillmentGroupForOrder" class="org.broadleafcommerce.test.integration.FulfillmentGroupDaoTest"/>
      </group> <!-- readDefaultFulfillmentGroupForOrder -->
      <group name="readSkuById">
        <method signature="SkuDaoTest.readSkuById()[pri:0, instance:org.broadleafcommerce.test.integration.SkuDaoTest@55a1c291]" name="readSkuById" class="org.broadleafcommerce.test.integration.SkuDaoTest"/>
      </group> <!-- readSkuById -->
      <group name="checkOrderItems">
        <method signature="OrderTest.checkOrderItems()[pri:0, instance:org.broadleafcommerce.test.integration.OrderTest@214b199c]" name="checkOrderItems" class="org.broadleafcommerce.test.integration.OrderTest"/>
      </group> <!-- checkOrderItems -->
      <group name="createCustomerFromController">
        <method signature="RegisterCustomerControllerTest.createCustomerFromController(org.broadleafcommerce.profile.web.form.RegisterCustomerForm)[pri:0, instance:org.broadleafcommerce.profile.test.RegisterCustomerControllerTest@667a738]" name="createCustomerFromController" class="org.broadleafcommerce.profile.test.RegisterCustomerControllerTest"/>
      </group> <!-- createCustomerFromController -->
      <group name="removeItemFromOrderAfterDefaultFulfillmentGroup">
        <method signature="OrderTest.removeItemFromOrderAfterFulfillmentGroups()[pri:0, instance:org.broadleafcommerce.test.integration.OrderTest@214b199c]" name="removeItemFromOrderAfterFulfillmentGroups" class="org.broadleafcommerce.test.integration.OrderTest"/>
      </group> <!-- removeItemFromOrderAfterDefaultFulfillmentGroup -->
      <group name="changeCustomerPassword">
        <method signature="CustomerTest.changeCustomerPasswords()[pri:0, instance:org.broadleafcommerce.profile.test.CustomerTest@145eaa29]" name="changeCustomerPasswords" class="org.broadleafcommerce.profile.test.CustomerTest"/>
      </group> <!-- changeCustomerPassword -->
      <group name="createDefaultFulfillmentGroup">
        <method signature="FulfillmentGroupDaoTest.createDefaultFulfillmentGroup(org.broadleafcommerce.order.domain.FulfillmentGroup)[pri:0, instance:org.broadleafcommerce.test.integration.FulfillmentGroupDaoTest@1b083826]" name="createDefaultFulfillmentGroup" class="org.broadleafcommerce.test.integration.FulfillmentGroupDaoTest"/>
      </group> <!-- createDefaultFulfillmentGroup -->
      <group name="testOrder_ApplyOrderAndItemOffer_KeepRetailShipping">
        <method signature="OfferTest.testOrder_ApplyOrderAndItemOffer_KeepRetailShipping()[pri:0, instance:org.broadleafcommerce.offer.test.OfferTest@7995092a]" name="testOrder_ApplyOrderAndItemOffer_KeepRetailShipping" class="org.broadleafcommerce.offer.test.OfferTest"/>
      </group> <!-- testOrder_ApplyOrderAndItemOffer_KeepRetailShipping -->
      <group name="createProducts">
        <method signature="ProductDaoTest.createProducts(org.broadleafcommerce.catalog.domain.Product)[pri:0, instance:org.broadleafcommerce.test.integration.ProductDaoTest@3b2da18f]" name="createProducts" class="org.broadleafcommerce.test.integration.ProductDaoTest"/>
      </group> <!-- createProducts -->
      <group name="testOrderPaymentInfos">
        <method signature="OrderTest.testOrderPaymentInfos(org.broadleafcommerce.payment.domain.PaymentInfo)[pri:0, instance:org.broadleafcommerce.test.integration.OrderTest@214b199c]" name="testOrderPaymentInfos" class="org.broadleafcommerce.test.integration.OrderTest"/>
      </group> <!-- testOrderPaymentInfos -->
      <group name="createSkuAvailability">
        <method signature="SkuAvailabilityTest.createSkuAvailability(org.broadleafcommerce.inventory.domain.SkuAvailability)[pri:0, instance:org.broadleafcommerce.inventory.test.SkuAvailabilityTest@3c87521]" name="createSkuAvailability" class="org.broadleafcommerce.inventory.test.SkuAvailabilityTest"/>
      </group> <!-- createSkuAvailability -->
      <group name="testAdminPermissionSave">
        <method signature="AdminPermissionTest.testAdminPermissionSave(org.broadleafcommerce.security.domain.AdminPermission)[pri:0, instance:org.broadleafcommerce.security.test.AdminPermissionTest@1a84f40f]" name="testAdminPermissionSave" class="org.broadleafcommerce.security.test.AdminPermissionTest"/>
      </group> <!-- testAdminPermissionSave -->
      <group name="readCustomerAddress">
        <method signature="CustomerAddressTest.readCustomerAddressByUserId()[pri:0, instance:org.broadleafcommerce.profile.test.CustomerAddressTest@491666ad]" name="readCustomerAddressByUserId" class="org.broadleafcommerce.profile.test.CustomerAddressTest"/>
      </group> <!-- readCustomerAddress -->
      <group name="testAddSkuToOrder">
        <method signature="OrderTest.testAddSkuToOrder()[pri:0, instance:org.broadleafcommerce.test.integration.OrderTest@214b199c]" name="testAddSkuToOrder" class="org.broadleafcommerce.test.integration.OrderTest"/>
      </group> <!-- testAddSkuToOrder -->
      <group name="testShipping">
        <method signature="PricingTest.testShipping()[pri:0, instance:org.broadleafcommerce.pricing.test.PricingTest@400cff1a]" name="testShipping" class="org.broadleafcommerce.pricing.test.PricingTest"/>
      </group> <!-- testShipping -->
      <group name="createCrossSaleValues">
        <method signature="ProductDaoTest.createCrossSaleValues(org.broadleafcommerce.catalog.domain.Product)[pri:0, instance:org.broadleafcommerce.test.integration.ProductDaoTest@3b2da18f]" name="createCrossSaleValues" class="org.broadleafcommerce.test.integration.ProductDaoTest"/>
      </group> <!-- createCrossSaleValues -->
      <group name="readPhoneById">
        <method signature="PhoneTest.readPhoneById()[pri:0, instance:org.broadleafcommerce.profile.test.PhoneTest@4d826d77]" name="readPhoneById" class="org.broadleafcommerce.profile.test.PhoneTest"/>
      </group> <!-- readPhoneById -->
      <group name="testShippingInsert">
        <method signature="PricingTest.testShippingInsert(org.broadleafcommerce.pricing.domain.ShippingRate, org.broadleafcommerce.pricing.domain.ShippingRate)[pri:0, instance:org.broadleafcommerce.pricing.test.PricingTest@400cff1a]" name="testShippingInsert" class="org.broadleafcommerce.pricing.test.PricingTest"/>
      </group> <!-- testShippingInsert -->
      <group name="testOrder_ApplyOrderOffer_KeepRetailShipping">
        <method signature="OfferTest.testOrder_ApplyFulfillmentOffer_KeepRetailOrder()[pri:0, instance:org.broadleafcommerce.offer.test.OfferTest@7995092a]" name="testOrder_ApplyFulfillmentOffer_KeepRetailOrder" class="org.broadleafcommerce.offer.test.OfferTest"/>
        <method signature="OfferTest.testOrder_ApplyOrderOffer_KeepRetailShipping()[pri:0, instance:org.broadleafcommerce.offer.test.OfferTest@7995092a]" name="testOrder_ApplyOrderOffer_KeepRetailShipping" class="org.broadleafcommerce.offer.test.OfferTest"/>
      </group> <!-- testOrder_ApplyOrderOffer_KeepRetailShipping -->
      <group name="createId">
        <method signature="IdGenerationTest.createId()[pri:0, instance:org.broadleafcommerce.profile.test.IdGenerationTest@50a7bc6e]" name="createId" class="org.broadleafcommerce.profile.test.IdGenerationTest"/>
      </group> <!-- createId -->
      <group name="createUpSaleValues">
        <method signature="ProductDaoTest.createUpSaleValues(org.broadleafcommerce.catalog.domain.Product)[pri:0, instance:org.broadleafcommerce.test.integration.ProductDaoTest@3b2da18f]" name="createUpSaleValues" class="org.broadleafcommerce.test.integration.ProductDaoTest"/>
      </group> <!-- createUpSaleValues -->
      <group name="testCustomerAssociatedOffers">
        <method signature="OfferTest.testCustomerAssociatedOffers()[pri:0, instance:org.broadleafcommerce.offer.test.OfferTest@7995092a]" name="testCustomerAssociatedOffers" class="org.broadleafcommerce.offer.test.OfferTest"/>
      </group> <!-- testCustomerAssociatedOffers -->
      <group name="readOrdersForCustomer">
        <method signature="OrderDaoTest.readOrdersForCustomer()[pri:0, instance:org.broadleafcommerce.test.integration.OrderDaoTest@7f77e91b]" name="readOrdersForCustomer" class="org.broadleafcommerce.test.integration.OrderDaoTest"/>
      </group> <!-- readOrdersForCustomer -->
      <group name="findOrderByOrderNumber">
        <method signature="OrderTest.findOrderByOrderNumber()[pri:0, instance:org.broadleafcommerce.test.integration.OrderTest@214b199c]" name="findOrderByOrderNumber" class="org.broadleafcommerce.test.integration.OrderTest"/>
      </group> <!-- findOrderByOrderNumber -->
      <group name="createFulfillmentGroupItem">
        <method signature="FulfillmentGroupItemDaoTest.createFulfillmentGroupItem()[pri:0, instance:org.broadleafcommerce.test.integration.FulfillmentGroupItemDaoTest@25a65b77]" name="createFulfillmentGroupItem" class="org.broadleafcommerce.test.integration.FulfillmentGroupItemDaoTest"/>
      </group> <!-- createFulfillmentGroupItem -->
      <group name="testOfferDelete">
        <method signature="OfferTest.testOfferDelete()[pri:0, instance:org.broadleafcommerce.offer.test.OfferTest@7995092a]" name="testOfferDelete" class="org.broadleafcommerce.offer.test.OfferTest"/>
      </group> <!-- testOfferDelete -->
      <group name="testFulfillmentGroupOffersNonCombinable">
        <method signature="OfferTest.testFulfillmentGroupOffersNonCombinable()[pri:0, instance:org.broadleafcommerce.offer.test.OfferTest@7995092a]" name="testFulfillmentGroupOffersNonCombinable" class="org.broadleafcommerce.offer.test.OfferTest"/>
      </group> <!-- testFulfillmentGroupOffersNonCombinable -->
      <group name="readCustomerPhone">
        <method signature="CustomerPhoneTest.readCustomerPhoneByUserId()[pri:0, instance:org.broadleafcommerce.profile.test.CustomerPhoneTest@5762806e]" name="readCustomerPhoneByUserId" class="org.broadleafcommerce.profile.test.CustomerPhoneTest"/>
      </group> <!-- readCustomerPhone -->
      <group name="testFulfillmentGroupOffers_MultipleNonCombinable">
        <method signature="OfferTest.testFulfillmentGroupOffers_MultipleNonCombinable()[pri:0, instance:org.broadleafcommerce.offer.test.OfferTest@7995092a]" name="testFulfillmentGroupOffers_MultipleNonCombinable" class="org.broadleafcommerce.offer.test.OfferTest"/>
      </group> <!-- testFulfillmentGroupOffers_MultipleNonCombinable -->
      <group name="createFulfillmentGroup">
        <method signature="FulfillmentGroupDaoTest.createFulfillmentGroup(org.broadleafcommerce.order.domain.FulfillmentGroup)[pri:0, instance:org.broadleafcommerce.test.integration.FulfillmentGroupDaoTest@1b083826]" name="createFulfillmentGroup" class="org.broadleafcommerce.test.integration.FulfillmentGroupDaoTest"/>
      </group> <!-- createFulfillmentGroup -->
      <group name="readGiftWrapOrderItemsById">
        <method signature="OrderItemDaoTest.readGiftWrapOrderItemsById()[pri:0, instance:org.broadleafcommerce.test.integration.OrderItemDaoTest@358c99f5]" name="readGiftWrapOrderItemsById" class="org.broadleafcommerce.test.integration.OrderItemDaoTest"/>
      </group> <!-- readGiftWrapOrderItemsById -->
      <group name="testOrder_KeepRetailOrderAndItem_ApplyShippingOffer">
        <method signature="OfferTest.testOrder_KeepRetailOrderAndItem_ApplyShippingOffer()[pri:0, instance:org.broadleafcommerce.offer.test.OfferTest@7995092a]" name="testOrder_KeepRetailOrderAndItem_ApplyShippingOffer" class="org.broadleafcommerce.offer.test.OfferTest"/>
      </group> <!-- testOrder_KeepRetailOrderAndItem_ApplyShippingOffer -->
      <group name="readOrderItemsById">
        <method signature="OrderItemDaoTest.readOrderItemsById()[pri:0, instance:org.broadleafcommerce.test.integration.OrderItemDaoTest@358c99f5]" name="readOrderItemsById" class="org.broadleafcommerce.test.integration.OrderItemDaoTest"/>
      </group> <!-- readOrderItemsById -->
      <group name="readDefaultFulfillmentGroupForId">
        <method signature="FulfillmentGroupDaoTest.readDefaultFulfillmentGroupForId()[pri:0, instance:org.broadleafcommerce.test.integration.FulfillmentGroupDaoTest@1b083826]" name="readDefaultFulfillmentGroupForId" class="org.broadleafcommerce.test.integration.FulfillmentGroupDaoTest"/>
      </group> <!-- readDefaultFulfillmentGroupForId -->
      <group name="testSubmitOrder">
        <method signature="OrderTest.testSubmitOrder()[pri:0, instance:org.broadleafcommerce.test.integration.OrderTest@214b199c]" name="testSubmitOrder" class="org.broadleafcommerce.test.integration.OrderTest"/>
      </group> <!-- testSubmitOrder -->
      <group name="createCustomerPhoneFromController">
        <method signature="CustomerPhoneControllerTest.createCustomerPhoneFromController(org.broadleafcommerce.profile.web.model.PhoneNameForm)[pri:0, instance:org.broadleafcommerce.profile.test.CustomerPhoneControllerTest@589b3632]" name="createCustomerPhoneFromController" class="org.broadleafcommerce.profile.test.CustomerPhoneControllerTest"/>
      </group> <!-- createCustomerPhoneFromController -->
      <group name="readCustomerPhoneFromController">
        <method signature="CustomerPhoneControllerTest.readCustomerPhoneFromController()[pri:0, instance:org.broadleafcommerce.profile.test.CustomerPhoneControllerTest@589b3632]" name="readCustomerPhoneFromController" class="org.broadleafcommerce.profile.test.CustomerPhoneControllerTest"/>
      </group> <!-- readCustomerPhoneFromController -->
      <group name="addItemToOrder">
        <method signature="OrderTest.addItemToOrder()[pri:0, instance:org.broadleafcommerce.test.integration.OrderTest@214b199c]" name="addItemToOrder" class="org.broadleafcommerce.test.integration.OrderTest"/>
      </group> <!-- addItemToOrder -->
      <group name="addFulfillmentGroupToOrderFirst">
        <method signature="OrderTest.addFulfillmentGroupToOrderFirst(org.broadleafcommerce.order.domain.FulfillmentGroup)[pri:0, instance:org.broadleafcommerce.test.integration.OrderTest@214b199c]" name="addFulfillmentGroupToOrderFirst" class="org.broadleafcommerce.test.integration.OrderTest"/>
      </group> <!-- addFulfillmentGroupToOrderFirst -->
      <group name="findCountries">
        <method signature="AddressTest.findCountries()[pri:0, instance:org.broadleafcommerce.profile.test.AddressTest@3d299e3]" name="findCountries" class="org.broadleafcommerce.profile.test.AddressTest"/>
      </group> <!-- findCountries -->
      <group name="readOrderItemsByIdAfterGiftWrapDeletion">
        <method signature="OrderItemDaoTest.readOrderItemsByIdAfterGiftWrapDeletion()[pri:0, instance:org.broadleafcommerce.test.integration.OrderItemDaoTest@358c99f5]" name="readOrderItemsByIdAfterGiftWrapDeletion" class="org.broadleafcommerce.test.integration.OrderItemDaoTest"/>
      </group> <!-- readOrderItemsByIdAfterGiftWrapDeletion -->
      <group name="readOrder">
        <method signature="OrderDaoTest.readOrderById()[pri:0, instance:org.broadleafcommerce.test.integration.OrderDaoTest@7f77e91b]" name="readOrderById" class="org.broadleafcommerce.test.integration.OrderDaoTest"/>
      </group> <!-- readOrder -->
      <group name="addPaymentToOrder">
        <method signature="OrderTest.addPaymentToOrder(org.broadleafcommerce.payment.domain.PaymentInfo)[pri:0, instance:org.broadleafcommerce.test.integration.OrderTest@214b199c]" name="addPaymentToOrder" class="org.broadleafcommerce.test.integration.OrderTest"/>
      </group> <!-- addPaymentToOrder -->
      <group name="testSetFeaturedProducts">
        <method signature="CategoryDaoTest.testSetFeaturedProducts(org.broadleafcommerce.catalog.domain.Category)[pri:0, instance:org.broadleafcommerce.test.integration.CategoryDaoTest@55ca8de8]" name="testSetFeaturedProducts" class="org.broadleafcommerce.test.integration.CategoryDaoTest"/>
      </group> <!-- testSetFeaturedProducts -->
      <group name="createGiftWrapOrderItem">
        <method signature="OrderItemDaoTest.createGiftWrapOrderItem(org.broadleafcommerce.order.domain.GiftWrapOrderItem)[pri:0, instance:org.broadleafcommerce.test.integration.OrderItemDaoTest@358c99f5]" name="createGiftWrapOrderItem" class="org.broadleafcommerce.test.integration.OrderItemDaoTest"/>
      </group> <!-- createGiftWrapOrderItem -->
      <group name="removeFulfillmentGroupFromOrder">
        <method signature="OrderTest.removeFulfillmentGroupFromOrder()[pri:0, instance:org.broadleafcommerce.test.integration.OrderTest@214b199c]" name="removeFulfillmentGroupFromOrder" class="org.broadleafcommerce.test.integration.OrderTest"/>
      </group> <!-- removeFulfillmentGroupFromOrder -->
      <group name="makePhoneDefaultOnCustomerPhoneController">
        <method signature="CustomerPhoneControllerTest.makePhoneDefaultOnCustomerPhoneController()[pri:0, instance:org.broadleafcommerce.profile.test.CustomerPhoneControllerTest@589b3632]" name="makePhoneDefaultOnCustomerPhoneController" class="org.broadleafcommerce.profile.test.CustomerPhoneControllerTest"/>
      </group> <!-- makePhoneDefaultOnCustomerPhoneController -->
      <group name="getOrdersForCustomer">
        <method signature="OrderTest.getOrdersForCustomer()[pri:0, instance:org.broadleafcommerce.test.integration.OrderTest@214b199c]" name="getOrdersForCustomer" class="org.broadleafcommerce.test.integration.OrderTest"/>
      </group> <!-- getOrdersForCustomer -->
      <group name="findCurrentCartForCustomer">
        <method signature="OrderTest.findCurrentCartForCustomer()[pri:0, instance:org.broadleafcommerce.test.integration.OrderTest@214b199c]" name="findCurrentCartForCustomer" class="org.broadleafcommerce.test.integration.OrderTest"/>
      </group> <!-- findCurrentCartForCustomer -->
      <group name="testAdminUserSave">
        <method signature="AdminUserTest.testAdminUserSave(org.broadleafcommerce.security.domain.AdminUser)[pri:0, instance:org.broadleafcommerce.security.test.AdminUserTest@1d548a08]" name="testAdminUserSave" class="org.broadleafcommerce.security.test.AdminUserTest"/>
      </group> <!-- testAdminUserSave -->
      <group name="testOrderWith_NoOrderItemOffers_WithFulfillmentOffers">
        <method signature="OfferTest.testOrderWith_NoOrderItemOffers_WithFulfillmentOffers()[pri:0, instance:org.broadleafcommerce.offer.test.OfferTest@7995092a]" name="testOrderWith_NoOrderItemOffers_WithFulfillmentOffers" class="org.broadleafcommerce.offer.test.OfferTest"/>
      </group> <!-- testOrderWith_NoOrderItemOffers_WithFulfillmentOffers -->
      <group name="readFirstSku">
        <method signature="SkuDaoTest.readFirstSku()[pri:0, instance:org.broadleafcommerce.test.integration.SkuDaoTest@55a1c291]" name="readFirstSku" class="org.broadleafcommerce.test.integration.SkuDaoTest"/>
      </group> <!-- readFirstSku -->
    </groups>
    <test name="commerce-integrationtest" duration-ms="7000" started-at="2019-09-04T21:37:13Z" finished-at="2019-09-04T21:37:20Z">
      <class name="org.broadleafcommerce.test.integration.OrmTest">
        <test-method status="PASS" signature="springTestContextBeforeTestClass()[pri:0, instance:org.broadleafcommerce.test.integration.OrmTest@4034c28c]" name="springTestContextBeforeTestClass" is-config="true" duration-ms="0" started-at="2019-09-04T16:37:20Z" finished-at="2019-09-04T16:37:20Z">
          <reporter-output>
          </reporter-output>
        </test-method> <!-- springTestContextBeforeTestClass -->
        <test-method status="PASS" signature="springTestContextPrepareTestInstance()[pri:0, instance:org.broadleafcommerce.test.integration.OrmTest@4034c28c]" name="springTestContextPrepareTestInstance" is-config="true" duration-ms="5" started-at="2019-09-04T16:37:20Z" depends-on-methods="org.springframework.test.context.testng.AbstractTestNGSpringContextTests.springTestContextBeforeTestClass" finished-at="2019-09-04T16:37:20Z">
          <reporter-output>
          </reporter-output>
        </test-method> <!-- springTestContextPrepareTestInstance -->
        <test-method status="PASS" signature="springTestContextBeforeTestMethod(java.lang.reflect.Method)[pri:0, instance:org.broadleafcommerce.test.integration.OrmTest@4034c28c]" name="springTestContextBeforeTestMethod" is-config="true" duration-ms="1" started-at="2019-09-04T16:37:20Z" finished-at="2019-09-04T16:37:20Z">
          <params>
            <param index="0">
              <value>
                <![CDATA[public void org.broadleafcommerce.test.integration.OrmTest.testMappings()]]>
              </value>
            </param>
          </params>
          <reporter-output>
          </reporter-output>
        </test-method> <!-- springTestContextBeforeTestMethod -->
        <test-method status="PASS" signature="testMappings()[pri:0, instance:org.broadleafcommerce.test.integration.OrmTest@4034c28c]" name="testMappings" duration-ms="1" started-at="2019-09-04T16:37:20Z" finished-at="2019-09-04T16:37:20Z">
          <reporter-output>
          </reporter-output>
        </test-method> <!-- testMappings -->
        <test-method status="PASS" signature="setup()[pri:0, instance:org.broadleafcommerce.test.integration.OrmTest@4034c28c]" name="setup" is-config="true" duration-ms="0" started-at="2019-09-04T16:37:20Z" finished-at="2019-09-04T16:37:20Z">
          <reporter-output>
          </reporter-output>
        </test-method> <!-- setup -->
        <test-method status="PASS" signature="tearDown()[pri:0, instance:org.broadleafcommerce.test.integration.OrmTest@4034c28c]" name="tearDown" is-config="true" duration-ms="0" started-at="2019-09-04T16:37:20Z" finished-at="2019-09-04T16:37:20Z">
          <reporter-output>
          </reporter-output>
        </test-method> <!-- tearDown -->
        <test-method status="PASS" signature="springTestContextAfterTestMethod(java.lang.reflect.Method)[pri:0, instance:org.broadleafcommerce.test.integration.OrmTest@4034c28c]" name="springTestContextAfterTestMethod" is-config="true" duration-ms="0" started-at="2019-09-04T16:37:20Z" finished-at="2019-09-04T16:37:20Z">
          <params>
            <param index="0">
              <value>
                <![CDATA[public void org.broadleafcommerce.test.integration.OrmTest.testMappings()]]>
              </value>
            </param>
          </params>
          <reporter-output>
          </reporter-output>
        </test-method> <!-- springTestContextAfterTestMethod -->
        <test-method status="PASS" signature="springTestContextAfterTestClass()[pri:0, instance:org.broadleafcommerce.test.integration.OrmTest@4034c28c]" name="springTestContextAfterTestClass" is-config="true" duration-ms="0" started-at="2019-09-04T16:37:20Z" finished-at="2019-09-04T16:37:20Z">
          <reporter-output>
          </reporter-output>
        </test-method> <!-- springTestContextAfterTestClass -->
      </class> <!-- org.broadleafcommerce.test.integration.OrmTest -->
      <class name="org.broadleafcommerce.profile.test.CustomerPhoneTest">
        <test-method status="SKIP" signature="springTestContextPrepareTestInstance()[pri:0, instance:org.broadleafcommerce.profile.test.CustomerPhoneTest@5762806e]" name="springTestContextPrepareTestInstance" is-config="true" duration-ms="0" started-at="2019-09-04T16:37:20Z" depends-on-methods="org.springframework.test.context.testng.AbstractTestNGSpringContextTests.springTestContextBeforeTestClass" finished-at="2019-09-04T16:37:20Z">
          <reporter-output>
          </reporter-output>
        </test-method> <!-- springTestContextPrepareTestInstance -->
        <test-method status="SKIP" signature="springTestContextBeforeTestClass()[pri:0, instance:org.broadleafcommerce.profile.test.CustomerPhoneTest@5762806e]" name="springTestContextBeforeTestClass" is-config="true" duration-ms="0" started-at="2019-09-04T16:37:20Z" finished-at="2019-09-04T16:37:20Z">
          <reporter-output>
          </reporter-output>
        </test-method> <!-- springTestContextBeforeTestClass -->
        <test-method status="SKIP" signature="createCustomerPhone(org.broadleafcommerce.profile.domain.CustomerPhone)[pri:0, instance:org.broadleafcommerce.profile.test.CustomerPhoneTest@5762806e]" name="createCustomerPhone" duration-ms="0" depends-on-groups="readCustomer1" started-at="2019-09-04T16:37:20Z" data-provider="setupCustomerPhone" finished-at="2019-09-04T16:37:20Z">
          <reporter-output>
          </reporter-output>
        </test-method> <!-- createCustomerPhone -->
        <test-method status="SKIP" signature="readCustomerPhoneByUserId()[pri:0, instance:org.broadleafcommerce.profile.test.CustomerPhoneTest@5762806e]" name="readCustomerPhoneByUserId" duration-ms="0" depends-on-groups="createCustomerPhone" started-at="2019-09-04T16:37:20Z" finished-at="2019-09-04T16:37:20Z">
          <reporter-output>
          </reporter-output>
        </test-method> <!-- readCustomerPhoneByUserId -->
        <test-method status="SKIP" signature="tearDown()[pri:0, instance:org.broadleafcommerce.profile.test.CustomerPhoneTest@5762806e]" name="tearDown" is-config="true" duration-ms="0" started-at="2019-09-04T16:37:20Z" finished-at="2019-09-04T16:37:20Z">
          <reporter-output>
          </reporter-output>
        </test-method> <!-- tearDown -->
        <test-method status="PASS" signature="springTestContextAfterTestClass()[pri:0, instance:org.broadleafcommerce.profile.test.CustomerPhoneTest@5762806e]" name="springTestContextAfterTestClass" is-config="true" duration-ms="0" started-at="2019-09-04T16:37:20Z" finished-at="2019-09-04T16:37:20Z">
          <reporter-output>
          </reporter-output>
        </test-method> <!-- springTestContextAfterTestClass -->
      </class> <!-- org.broadleafcommerce.profile.test.CustomerPhoneTest -->
      <class name="org.broadleafcommerce.test.integration.MVELTest">
        <test-method status="SKIP" signature="springTestContextPrepareTestInstance()[pri:0, instance:org.broadleafcommerce.test.integration.MVELTest@52e677af]" name="springTestContextPrepareTestInstance" is-config="true" duration-ms="0" started-at="2019-09-04T16:37:20Z" depends-on-methods="org.springframework.test.context.testng.AbstractTestNGSpringContextTests.springTestContextBeforeTestClass" finished-at="2019-09-04T16:37:20Z">
          <reporter-output>
          </reporter-output>
        </test-method> <!-- springTestContextPrepareTestInstance -->
        <test-method status="SKIP" signature="springTestContextBeforeTestClass()[pri:0, instance:org.broadleafcommerce.test.integration.MVELTest@52e677af]" name="springTestContextBeforeTestClass" is-config="true" duration-ms="0" started-at="2019-09-04T16:37:20Z" finished-at="2019-09-04T16:37:20Z">
          <reporter-output>
          </reporter-output>
        </test-method> <!-- springTestContextBeforeTestClass -->
        <test-method status="SKIP" signature="testBasicMVELFunctions()[pri:0, instance:org.broadleafcommerce.test.integration.MVELTest@52e677af]" name="testBasicMVELFunctions" duration-ms="1" started-at="2019-09-04T16:37:20Z" finished-at="2019-09-04T16:37:20Z">
          <reporter-output>
          </reporter-output>
        </test-method> <!-- testBasicMVELFunctions -->
        <test-method status="SKIP" signature="springTestContextBeforeTestMethod(java.lang.reflect.Method)[pri:0, instance:org.broadleafcommerce.test.integration.MVELTest@52e677af]" name="springTestContextBeforeTestMethod" is-config="true" duration-ms="0" started-at="2019-09-04T16:37:20Z" finished-at="2019-09-04T16:37:20Z">
          <reporter-output>
          </reporter-output>
        </test-method> <!-- springTestContextBeforeTestMethod -->
        <test-method status="SKIP" signature="setup()[pri:0, instance:org.broadleafcommerce.test.integration.MVELTest@52e677af]" name="setup" is-config="true" duration-ms="0" started-at="2019-09-04T16:37:20Z" finished-at="2019-09-04T16:37:20Z">
          <reporter-output>
          </reporter-output>
        </test-method> <!-- setup -->
        <test-method status="SKIP" signature="setup()[pri:0, instance:org.broadleafcommerce.test.integration.MVELTest@52e677af]" name="setup" is-config="true" duration-ms="0" started-at="2019-09-04T16:37:20Z" finished-at="2019-09-04T16:37:20Z">
          <reporter-output>
          </reporter-output>
        </test-method> <!-- setup -->
        <test-method status="PASS" signature="springTestContextAfterTestMethod(java.lang.reflect.Method)[pri:0, instance:org.broadleafcommerce.test.integration.MVELTest@52e677af]" name="springTestContextAfterTestMethod" is-config="true" duration-ms="0" started-at="2019-09-04T16:37:20Z" finished-at="2019-09-04T16:37:20Z">
          <params>
            <param index="0">
              <value>
                <![CDATA[public void org.broadleafcommerce.test.integration.MVELTest.testBasicMVELFunctions()]]>
              </value>
            </param>
          </params>
          <reporter-output>
          </reporter-output>
        </test-method> <!-- springTestContextAfterTestMethod -->
        <test-method status="SKIP" signature="springTestContextBeforeTestMethod(java.lang.reflect.Method)[pri:0, instance:org.broadleafcommerce.test.integration.MVELTest@52e677af]" name="springTestContextBeforeTestMethod" is-config="true" duration-ms="0" started-at="2019-09-04T16:37:20Z" finished-at="2019-09-04T16:37:20Z">
          <reporter-output>
          </reporter-output>
        </test-method> <!-- springTestContextBeforeTestMethod -->
        <test-method status="SKIP" signature="testOfferAppliesToFulfillmentGroup()[pri:0, instance:org.broadleafcommerce.test.integration.MVELTest@52e677af]" name="testOfferAppliesToFulfillmentGroup" duration-ms="0" started-at="2019-09-04T16:37:20Z" finished-at="2019-09-04T16:37:20Z">
          <reporter-output>
          </reporter-output>
        </test-method> <!-- testOfferAppliesToFulfillmentGroup -->
        <test-method status="PASS" signature="springTestContextAfterTestMethod(java.lang.reflect.Method)[pri:0, instance:org.broadleafcommerce.test.integration.MVELTest@52e677af]" name="springTestContextAfterTestMethod" is-config="true" duration-ms="0" started-at="2019-09-04T16:37:20Z" finished-at="2019-09-04T16:37:20Z">
          <params>
            <param index="0">
              <value>
                <![CDATA[public void org.broadleafcommerce.test.integration.MVELTest.testOfferAppliesToFulfillmentGroup()]]>
              </value>
            </param>
          </params>
          <reporter-output>
          </reporter-output>
        </test-method> <!-- springTestContextAfterTestMethod -->
        <test-method status="SKIP" signature="setup()[pri:0, instance:org.broadleafcommerce.test.integration.MVELTest@52e677af]" name="setup" is-config="true" duration-ms="0" started-at="2019-09-04T16:37:20Z" finished-at="2019-09-04T16:37:20Z">
          <reporter-output>
          </reporter-output>
        </test-method> <!-- setup -->
        <test-method status="SKIP" signature="testOfferAppliesToItemsInCategoryAndOrderValueGreaterThanFifty()[pri:0, instance:org.broadleafcommerce.test.integration.MVELTest@52e677af]" name="testOfferAppliesToItemsInCategoryAndOrderValueGreaterThanFifty" duration-ms="0" started-at="2019-09-04T16:37:20Z" finished-at="2019-09-04T16:37:20Z">
          <reporter-output>
          </reporter-output>
        </test-method> <!-- testOfferAppliesToItemsInCategoryAndOrderValueGreaterThanFifty -->
        <test-method status="SKIP" signature="springTestContextBeforeTestMethod(java.lang.reflect.Method)[pri:0, instance:org.broadleafcommerce.test.integration.MVELTest@52e677af]" name="springTestContextBeforeTestMethod" is-config="true" duration-ms="0" started-at="2019-09-04T16:37:20Z" finished-at="2019-09-04T16:37:20Z">
          <reporter-output>
          </reporter-output>
        </test-method> <!-- springTestContextBeforeTestMethod -->
        <test-method status="SKIP" signature="springTestContextBeforeTestMethod(java.lang.reflect.Method)[pri:0, instance:org.broadleafcommerce.test.integration.MVELTest@52e677af]" name="springTestContextBeforeTestMethod" is-config="true" duration-ms="0" started-at="2019-09-04T16:37:20Z" finished-at="2019-09-04T16:37:20Z">
          <reporter-output>
          </reporter-output>
        </test-method> <!-- springTestContextBeforeTestMethod -->
        <test-method status="PASS" signature="springTestContextAfterTestMethod(java.lang.reflect.Method)[pri:0, instance:org.broadleafcommerce.test.integration.MVELTest@52e677af]" name="springTestContextAfterTestMethod" is-config="true" duration-ms="0" started-at="2019-09-04T16:37:20Z" finished-at="2019-09-04T16:37:20Z">
          <params>
            <param index="0">
              <value>
                <![CDATA[public void org.broadleafcommerce.test.integration.MVELTest.testOfferAppliesToItemsInCategoryAndOrderValueGreaterThanFifty()]]>
              </value>
            </param>
          </params>
          <reporter-output>
          </reporter-output>
        </test-method> <!-- springTestContextAfterTestMethod -->
        <test-method status="SKIP" signature="testOfferAppliesToSpecificItems()[pri:0, instance:org.broadleafcommerce.test.integration.MVELTest@52e677af]" name="testOfferAppliesToSpecificItems" duration-ms="1" started-at="2019-09-04T16:37:20Z" finished-at="2019-09-04T16:37:20Z">
          <reporter-output>
          </reporter-output>
        </test-method> <!-- testOfferAppliesToSpecificItems -->
        <test-method status="SKIP" signature="setup()[pri:0, instance:org.broadleafcommerce.test.integration.MVELTest@52e677af]" name="setup" is-config="true" duration-ms="0" started-at="2019-09-04T16:37:20Z" finished-at="2019-09-04T16:37:20Z">
          <reporter-output>
          </reporter-output>
        </test-method> <!-- setup -->
        <test-method status="SKIP" signature="tearDown()[pri:0, instance:org.broadleafcommerce.test.integration.MVELTest@52e677af]" name="tearDown" is-config="true" duration-ms="0" started-at="2019-09-04T16:37:20Z" finished-at="2019-09-04T16:37:20Z">
          <reporter-output>
          </reporter-output>
        </test-method> <!-- tearDown -->
        <test-method status="PASS" signature="springTestContextAfterTestMethod(java.lang.reflect.Method)[pri:0, instance:org.broadleafcommerce.test.integration.MVELTest@52e677af]" name="springTestContextAfterTestMethod" is-config="true" duration-ms="0" started-at="2019-09-04T16:37:20Z" finished-at="2019-09-04T16:37:20Z">
          <params>
            <param index="0">
              <value>
                <![CDATA[public void org.broadleafcommerce.test.integration.MVELTest.testOfferAppliesToSpecificItems()]]>
              </value>
            </param>
          </params>
          <reporter-output>
          </reporter-output>
        </test-method> <!-- springTestContextAfterTestMethod -->
        <test-method status="PASS" signature="springTestContextAfterTestClass()[pri:0, instance:org.broadleafcommerce.test.integration.MVELTest@52e677af]" name="springTestContextAfterTestClass" is-config="true" duration-ms="0" started-at="2019-09-04T16:37:20Z" finished-at="2019-09-04T16:37:20Z">
          <reporter-output>
          </reporter-output>
        </test-method> <!-- springTestContextAfterTestClass -->
      </class> <!-- org.broadleafcommerce.test.integration.MVELTest -->
      <class name="org.broadleafcommerce.catalog.test.CatalogTest">
        <test-method status="PASS" signature="springTestContextBeforeTestClass()[pri:0, instance:org.broadleafcommerce.catalog.test.CatalogTest@1f1c7bf6]" name="springTestContextBeforeTestClass" is-config="true" duration-ms="1" started-at="2019-09-04T16:37:19Z" finished-at="2019-09-04T16:37:19Z">
          <reporter-output>
          </reporter-output>
        </test-method> <!-- springTestContextBeforeTestClass -->
        <test-method status="PASS" signature="springTestContextPrepareTestInstance()[pri:0, instance:org.broadleafcommerce.catalog.test.CatalogTest@1f1c7bf6]" name="springTestContextPrepareTestInstance" is-config="true" duration-ms="6" started-at="2019-09-04T16:37:19Z" depends-on-methods="org.springframework.test.context.testng.AbstractTestNGSpringContextTests.springTestContextBeforeTestClass" finished-at="2019-09-04T16:37:19Z">
          <reporter-output>
          </reporter-output>
        </test-method> <!-- springTestContextPrepareTestInstance -->
        <test-method status="PASS" signature="springTestContextBeforeTestMethod(java.lang.reflect.Method)[pri:0, instance:org.broadleafcommerce.catalog.test.CatalogTest@1f1c7bf6]" name="springTestContextBeforeTestMethod" is-config="true" duration-ms="1" started-at="2019-09-04T16:37:19Z" finished-at="2019-09-04T16:37:19Z">
          <params>
            <param index="0">
              <value>
                <![CDATA[public void org.broadleafcommerce.catalog.test.CatalogTest.testCatalog() throws java.lang.Exception]]>
              </value>
            </param>
          </params>
          <reporter-output>
          </reporter-output>
        </test-method> <!-- springTestContextBeforeTestMethod -->
        <test-method status="PASS" signature="setup()[pri:0, instance:org.broadleafcommerce.catalog.test.CatalogTest@1f1c7bf6]" name="setup" is-config="true" duration-ms="0" started-at="2019-09-04T16:37:19Z" finished-at="2019-09-04T16:37:19Z">
          <reporter-output>
          </reporter-output>
        </test-method> <!-- setup -->
        <test-method status="PASS" signature="testCatalog()[pri:0, instance:org.broadleafcommerce.catalog.test.CatalogTest@1f1c7bf6]" name="testCatalog" duration-ms="148" started-at="2019-09-04T16:37:19Z" finished-at="2019-09-04T16:37:20Z">
          <reporter-output>
          </reporter-output>
        </test-method> <!-- testCatalog -->
        <test-method status="PASS" signature="springTestContextAfterTestMethod(java.lang.reflect.Method)[pri:0, instance:org.broadleafcommerce.catalog.test.CatalogTest@1f1c7bf6]" name="springTestContextAfterTestMethod" is-config="true" duration-ms="24" started-at="2019-09-04T16:37:20Z" finished-at="2019-09-04T16:37:20Z">
          <params>
            <param index="0">
              <value>
                <![CDATA[public void org.broadleafcommerce.catalog.test.CatalogTest.testCatalog() throws java.lang.Exception]]>
              </value>
            </param>
          </params>
          <reporter-output>
          </reporter-output>
        </test-method> <!-- springTestContextAfterTestMethod -->
        <test-method status="PASS" signature="setup()[pri:0, instance:org.broadleafcommerce.catalog.test.CatalogTest@1f1c7bf6]" name="setup" is-config="true" duration-ms="0" started-at="2019-09-04T16:37:20Z" finished-at="2019-09-04T16:37:20Z">
          <reporter-output>
          </reporter-output>
        </test-method> <!-- setup -->
        <test-method status="PASS" signature="springTestContextBeforeTestMethod(java.lang.reflect.Method)[pri:0, instance:org.broadleafcommerce.catalog.test.CatalogTest@1f1c7bf6]" name="springTestContextBeforeTestMethod" is-config="true" duration-ms="0" started-at="2019-09-04T16:37:20Z" finished-at="2019-09-04T16:37:20Z">
          <params>
            <param index="0">
              <value>
                <![CDATA[public void org.broadleafcommerce.catalog.test.CatalogTest.testSkus() throws java.lang.Exception]]>
              </value>
            </param>
          </params>
          <reporter-output>
          </reporter-output>
        </test-method> <!-- springTestContextBeforeTestMethod -->
        <test-method status="PASS" signature="testSkus()[pri:0, instance:org.broadleafcommerce.catalog.test.CatalogTest@1f1c7bf6]" name="testSkus" duration-ms="1" started-at="2019-09-04T16:37:20Z" finished-at="2019-09-04T16:37:20Z">
          <reporter-output>
          </reporter-output>
        </test-method> <!-- testSkus -->
        <test-method status="PASS" signature="springTestContextAfterTestMethod(java.lang.reflect.Method)[pri:0, instance:org.broadleafcommerce.catalog.test.CatalogTest@1f1c7bf6]" name="springTestContextAfterTestMethod" is-config="true" duration-ms="1" started-at="2019-09-04T16:37:20Z" finished-at="2019-09-04T16:37:20Z">
          <params>
            <param index="0">
              <value>
                <![CDATA[public void org.broadleafcommerce.catalog.test.CatalogTest.testSkus() throws java.lang.Exception]]>
              </value>
            </param>
          </params>
          <reporter-output>
          </reporter-output>
        </test-method> <!-- springTestContextAfterTestMethod -->
        <test-method status="PASS" signature="springTestContextAfterTestClass()[pri:0, instance:org.broadleafcommerce.catalog.test.CatalogTest@1f1c7bf6]" name="springTestContextAfterTestClass" is-config="true" duration-ms="0" started-at="2019-09-04T16:37:20Z" finished-at="2019-09-04T16:37:20Z">
          <reporter-output>
          </reporter-output>
        </test-method> <!-- springTestContextAfterTestClass -->
        <test-method status="PASS" signature="tearDown()[pri:0, instance:org.broadleafcommerce.catalog.test.CatalogTest@1f1c7bf6]" name="tearDown" is-config="true" duration-ms="0" started-at="2019-09-04T16:37:20Z" finished-at="2019-09-04T16:37:20Z">
          <reporter-output>
          </reporter-output>
        </test-method> <!-- tearDown -->
      </class> <!-- org.broadleafcommerce.catalog.test.CatalogTest -->
      <class name="org.broadleafcommerce.dependency.test.DependencyTest">
        <test-method status="PASS" signature="springTestContextBeforeTestClass()[pri:0, instance:org.broadleafcommerce.dependency.test.DependencyTest@5ea434c8]" name="springTestContextBeforeTestClass" is-config="true" duration-ms="0" started-at="2019-09-04T16:37:20Z" finished-at="2019-09-04T16:37:20Z">
          <reporter-output>
          </reporter-output>
        </test-method> <!-- springTestContextBeforeTestClass -->
        <test-method status="PASS" signature="springTestContextPrepareTestInstance()[pri:0, instance:org.broadleafcommerce.dependency.test.DependencyTest@5ea434c8]" name="springTestContextPrepareTestInstance" is-config="true" duration-ms="7" started-at="2019-09-04T16:37:20Z" depends-on-methods="org.springframework.test.context.testng.AbstractTestNGSpringContextTests.springTestContextBeforeTestClass" finished-at="2019-09-04T16:37:20Z">
          <reporter-output>
          </reporter-output>
        </test-method> <!-- springTestContextPrepareTestInstance -->
        <test-method status="PASS" signature="setup()[pri:0, instance:org.broadleafcommerce.dependency.test.DependencyTest@5ea434c8]" name="setup" is-config="true" duration-ms="0" started-at="2019-09-04T16:37:20Z" finished-at="2019-09-04T16:37:20Z">
          <reporter-output>
          </reporter-output>
        </test-method> <!-- setup -->
        <test-method status="PASS" signature="springTestContextBeforeTestMethod(java.lang.reflect.Method)[pri:0, instance:org.broadleafcommerce.dependency.test.DependencyTest@5ea434c8]" name="springTestContextBeforeTestMethod" is-config="true" duration-ms="1" started-at="2019-09-04T16:37:20Z" finished-at="2019-09-04T16:37:20Z">
          <params>
            <param index="0">
              <value>
                <![CDATA[public void org.broadleafcommerce.dependency.test.DependencyTest.testDependencies() throws java.lang.Exception]]>
              </value>
            </param>
          </params>
          <reporter-output>
          </reporter-output>
        </test-method> <!-- springTestContextBeforeTestMethod -->
        <test-method status="PASS" signature="testDependencies()[pri:0, instance:org.broadleafcommerce.dependency.test.DependencyTest@5ea434c8]" name="testDependencies" duration-ms="58" started-at="2019-09-04T16:37:20Z" finished-at="2019-09-04T16:37:20Z">
          <reporter-output>
          </reporter-output>
        </test-method> <!-- testDependencies -->
        <test-method status="PASS" signature="springTestContextAfterTestMethod(java.lang.reflect.Method)[pri:0, instance:org.broadleafcommerce.dependency.test.DependencyTest@5ea434c8]" name="springTestContextAfterTestMethod" is-config="true" duration-ms="1" started-at="2019-09-04T16:37:20Z" finished-at="2019-09-04T16:37:20Z">
          <params>
            <param index="0">
              <value>
                <![CDATA[public void org.broadleafcommerce.dependency.test.DependencyTest.testDependencies() throws java.lang.Exception]]>
              </value>
            </param>
          </params>
          <reporter-output>
          </reporter-output>
        </test-method> <!-- springTestContextAfterTestMethod -->
        <test-method status="PASS" signature="springTestContextAfterTestClass()[pri:0, instance:org.broadleafcommerce.dependency.test.DependencyTest@5ea434c8]" name="springTestContextAfterTestClass" is-config="true" duration-ms="0" started-at="2019-09-04T16:37:20Z" finished-at="2019-09-04T16:37:20Z">
          <reporter-output>
          </reporter-output>
        </test-method> <!-- springTestContextAfterTestClass -->
        <test-method status="PASS" signature="tearDown()[pri:0, instance:org.broadleafcommerce.dependency.test.DependencyTest@5ea434c8]" name="tearDown" is-config="true" duration-ms="0" started-at="2019-09-04T16:37:20Z" finished-at="2019-09-04T16:37:20Z">
          <reporter-output>
          </reporter-output>
        </test-method> <!-- tearDown -->
      </class> <!-- org.broadleafcommerce.dependency.test.DependencyTest -->
      <class name="org.broadleafcommerce.test.integration.CategoryDaoTest">
        <test-method status="PASS" signature="springTestContextBeforeTestClass()[pri:0, instance:org.broadleafcommerce.test.integration.CategoryDaoTest@55ca8de8]" name="springTestContextBeforeTestClass" is-config="true" duration-ms="0" started-at="2019-09-04T16:37:20Z" finished-at="2019-09-04T16:37:20Z">
          <reporter-output>
          </reporter-output>
        </test-method> <!-- springTestContextBeforeTestClass -->
        <test-method status="PASS" signature="springTestContextPrepareTestInstance()[pri:0, instance:org.broadleafcommerce.test.integration.CategoryDaoTest@55ca8de8]" name="springTestContextPrepareTestInstance" is-config="true" duration-ms="8" started-at="2019-09-04T16:37:20Z" depends-on-methods="org.springframework.test.context.testng.AbstractTestNGSpringContextTests.springTestContextBeforeTestClass" finished-at="2019-09-04T16:37:20Z">
          <reporter-output>
          </reporter-output>
        </test-method> <!-- springTestContextPrepareTestInstance -->
        <test-method status="PASS" signature="springTestContextBeforeTestMethod(java.lang.reflect.Method)[pri:0, instance:org.broadleafcommerce.test.integration.CategoryDaoTest@55ca8de8]" name="springTestContextBeforeTestMethod" is-config="true" duration-ms="1" started-at="2019-09-04T16:37:20Z" finished-at="2019-09-04T16:37:20Z">
          <params>
            <param index="0">
              <value>
                <![CDATA[public void org.broadleafcommerce.test.integration.CategoryDaoTest.testSetFeaturedProducts(org.broadleafcommerce.catalog.domain.Category)]]>
              </value>
            </param>
          </params>
          <reporter-output>
          </reporter-output>
        </test-method> <!-- springTestContextBeforeTestMethod -->
        <test-method status="PASS" signature="setup()[pri:0, instance:org.broadleafcommerce.test.integration.CategoryDaoTest@55ca8de8]" name="setup" is-config="true" duration-ms="0" started-at="2019-09-04T16:37:20Z" finished-at="2019-09-04T16:37:20Z">
          <reporter-output>
          </reporter-output>
        </test-method> <!-- setup -->
        <test-method status="PASS" signature="testSetFeaturedProducts(org.broadleafcommerce.catalog.domain.Category)[pri:0, instance:org.broadleafcommerce.test.integration.CategoryDaoTest@55ca8de8]" name="testSetFeaturedProducts" duration-ms="11" started-at="2019-09-04T16:37:20Z" data-provider="basicCategory" finished-at="2019-09-04T16:37:20Z">
          <params>
            <param index="0">
              <value>
                <![CDATA[org.broadleafcommerce.catalog.domain.CategoryImpl@9e7e16ce]]>
              </value>
            </param>
          </params>
          <reporter-output>
          </reporter-output>
        </test-method> <!-- testSetFeaturedProducts -->
        <test-method status="PASS" signature="springTestContextAfterTestMethod(java.lang.reflect.Method)[pri:0, instance:org.broadleafcommerce.test.integration.CategoryDaoTest@55ca8de8]" name="springTestContextAfterTestMethod" is-config="true" duration-ms="2" started-at="2019-09-04T16:37:20Z" finished-at="2019-09-04T16:37:20Z">
          <params>
            <param index="0">
              <value>
                <![CDATA[public void org.broadleafcommerce.test.integration.CategoryDaoTest.testSetFeaturedProducts(org.broadleafcommerce.catalog.domain.Category)]]>
              </value>
            </param>
          </params>
          <reporter-output>
          </reporter-output>
        </test-method> <!-- springTestContextAfterTestMethod -->
        <test-method status="PASS" signature="tearDown()[pri:0, instance:org.broadleafcommerce.test.integration.CategoryDaoTest@55ca8de8]" name="tearDown" is-config="true" duration-ms="0" started-at="2019-09-04T16:37:20Z" finished-at="2019-09-04T16:37:20Z">
          <reporter-output>
          </reporter-output>
        </test-method> <!-- tearDown -->
        <test-method status="PASS" signature="springTestContextAfterTestClass()[pri:0, instance:org.broadleafcommerce.test.integration.CategoryDaoTest@55ca8de8]" name="springTestContextAfterTestClass" is-config="true" duration-ms="0" started-at="2019-09-04T16:37:20Z" finished-at="2019-09-04T16:37:20Z">
          <reporter-output>
          </reporter-output>
        </test-method> <!-- springTestContextAfterTestClass -->
      </class> <!-- org.broadleafcommerce.test.integration.CategoryDaoTest -->
      <class name="org.broadleafcommerce.security.test.AdminRoleTest">
        <test-method status="PASS" signature="springTestContextBeforeTestClass()[pri:0, instance:org.broadleafcommerce.security.test.AdminRoleTest@78b1cc93]" name="springTestContextBeforeTestClass" is-config="true" duration-ms="8" started-at="2019-09-04T16:37:13Z" finished-at="2019-09-04T16:37:13Z">
          <reporter-output>
          </reporter-output>
        </test-method> <!-- springTestContextBeforeTestClass -->
        <test-method status="PASS" signature="springTestContextPrepareTestInstance()[pri:0, instance:org.broadleafcommerce.security.test.AdminRoleTest@78b1cc93]" name="springTestContextPrepareTestInstance" is-config="true" duration-ms="6079" started-at="2019-09-04T16:37:13Z" depends-on-methods="org.springframework.test.context.testng.AbstractTestNGSpringContextTests.springTestContextBeforeTestClass" finished-at="2019-09-04T16:37:19Z">
          <reporter-output>
          </reporter-output>
        </test-method> <!-- springTestContextPrepareTestInstance -->
        <test-method status="PASS" signature="springTestContextBeforeTestMethod(java.lang.reflect.Method)[pri:0, instance:org.broadleafcommerce.security.test.AdminRoleTest@78b1cc93]" name="springTestContextBeforeTestMethod" is-config="true" duration-ms="50" started-at="2019-09-04T16:37:19Z" finished-at="2019-09-04T16:37:19Z">
          <params>
            <param index="0">
              <value>
                <![CDATA[public void org.broadleafcommerce.security.test.AdminRoleTest.testAdminRoleSave(org.broadleafcommerce.security.domain.AdminRole) throws java.lang.Exception]]>
              </value>
            </param>
          </params>
          <reporter-output>
          </reporter-output>
        </test-method> <!-- springTestContextBeforeTestMethod -->
        <test-method status="PASS" signature="testAdminRoleSave(org.broadleafcommerce.security.domain.AdminRole)[pri:0, instance:org.broadleafcommerce.security.test.AdminRoleTest@78b1cc93]" name="testAdminRoleSave" duration-ms="52" started-at="2019-09-04T16:37:19Z" data-provider="setupAdminRole" finished-at="2019-09-04T16:37:19Z">
          <params>
            <param index="0">
              <value>
                <![CDATA[org.broadleafcommerce.security.domain.AdminRoleImpl@9d99851]]>
              </value>
            </param>
          </params>
          <reporter-output>
          </reporter-output>
        </test-method> <!-- testAdminRoleSave -->
        <test-method status="PASS" signature="setup()[pri:0, instance:org.broadleafcommerce.security.test.AdminRoleTest@78b1cc93]" name="setup" is-config="true" duration-ms="0" started-at="2019-09-04T16:37:19Z" finished-at="2019-09-04T16:37:19Z">
          <reporter-output>
          </reporter-output>
        </test-method> <!-- setup -->
[...]
          <params>
            <param index="0">
              <value>
                <![CDATA[public void org.broadleafcommerce.offer.test.OfferTest.testFulfillmentGroupOffers_MultipleNonCombinable_ApplyNonCombinable() throws java.lang.Exception]]>
              </value>
            </param>
          </params>
          <reporter-output>
          </reporter-output>
        </test-method> <!-- springTestContextBeforeTestMethod -->
        <test-method status="PASS" signature="testFulfillmentGroupOffers_MultipleNonCombinable_ApplyNonCombinable()[pri:0, instance:org.broadleafcommerce.offer.test.OfferTest@7995092a]" name="testFulfillmentGroupOffers_MultipleNonCombinable_ApplyNonCombinable" duration-ms="19" depends-on-groups="testCustomerAssociatedOffers2" started-at="2019-09-04T16:37:22Z" finished-at="2019-09-04T16:37:22Z">
          <reporter-output>
          </reporter-output>
        </test-method> <!-- testFulfillmentGroupOffers_MultipleNonCombinable_ApplyNonCombinable -->
        <test-method status="PASS" signature="springTestContextAfterTestMethod(java.lang.reflect.Method)[pri:0, instance:org.broadleafcommerce.offer.test.OfferTest@7995092a]" name="springTestContextAfterTestMethod" is-config="true" duration-ms="7" started-at="2019-09-04T16:37:22Z" finished-at="2019-09-04T16:37:22Z">
          <params>
            <param index="0">
              <value>
                <![CDATA[public void org.broadleafcommerce.offer.test.OfferTest.testFulfillmentGroupOffers_MultipleNonCombinable_ApplyNonCombinable() throws java.lang.Exception]]>
              </value>
            </param>
          </params>
          <reporter-output>
          </reporter-output>
        </test-method> <!-- springTestContextAfterTestMethod -->
        <test-method status="PASS" signature="springTestContextBeforeTestMethod(java.lang.reflect.Method)[pri:0, instance:org.broadleafcommerce.offer.test.OfferTest@7995092a]" name="springTestContextBeforeTestMethod" is-config="true" duration-ms="1" started-at="2019-09-04T16:37:22Z" finished-at="2019-09-04T16:37:22Z">
          <params>
            <param index="0">
              <value>
                <![CDATA[public void org.broadleafcommerce.offer.test.OfferTest.testOfferDelete() throws java.lang.Exception]]>
              </value>
            </param>
          </params>
          <reporter-output>
          </reporter-output>
        </test-method> <!-- springTestContextBeforeTestMethod -->
        <test-method status="PASS" signature="setup()[pri:0, instance:org.broadleafcommerce.offer.test.OfferTest@7995092a]" name="setup" is-config="true" duration-ms="0" started-at="2019-09-04T16:37:22Z" finished-at="2019-09-04T16:37:22Z">
          <reporter-output>
          </reporter-output>
        </test-method> <!-- setup -->
        <test-method status="PASS" signature="testOfferDelete()[pri:0, instance:org.broadleafcommerce.offer.test.OfferTest@7995092a]" name="testOfferDelete" duration-ms="10" depends-on-groups="testFulfillmentGroupOffers" started-at="2019-09-04T16:37:22Z" finished-at="2019-09-04T16:37:22Z">
          <reporter-output>
          </reporter-output>
        </test-method> <!-- testOfferDelete -->
        <test-method status="PASS" signature="springTestContextAfterTestMethod(java.lang.reflect.Method)[pri:0, instance:org.broadleafcommerce.offer.test.OfferTest@7995092a]" name="springTestContextAfterTestMethod" is-config="true" duration-ms="0" started-at="2019-09-04T16:37:22Z" finished-at="2019-09-04T16:37:22Z">
          <params>
            <param index="0">
              <value>
                <![CDATA[public void org.broadleafcommerce.offer.test.OfferTest.testOfferDelete() throws java.lang.Exception]]>
              </value>
            </param>
          </params>
          <reporter-output>
          </reporter-output>
        </test-method> <!-- springTestContextAfterTestMethod -->
        <test-method status="PASS" signature="springTestContextBeforeTestMethod(java.lang.reflect.Method)[pri:0, instance:org.broadleafcommerce.offer.test.OfferTest@7995092a]" name="springTestContextBeforeTestMethod" is-config="true" duration-ms="0" started-at="2019-09-04T16:37:22Z" finished-at="2019-09-04T16:37:22Z">
          <params>
            <param index="0">
              <value>
                <![CDATA[public void org.broadleafcommerce.offer.test.OfferTest.testReadAllOffers() throws java.lang.Exception]]>
              </value>
            </param>
          </params>
          <reporter-output>
          </reporter-output>
        </test-method> <!-- springTestContextBeforeTestMethod -->
        <test-method status="PASS" signature="testReadAllOffers()[pri:0, instance:org.broadleafcommerce.offer.test.OfferTest@7995092a]" name="testReadAllOffers" duration-ms="4" depends-on-groups="testOfferDelete" started-at="2019-09-04T16:37:22Z" finished-at="2019-09-04T16:37:22Z">
          <reporter-output>
          </reporter-output>
        </test-method> <!-- testReadAllOffers -->
        <test-method status="PASS" signature="setup()[pri:0, instance:org.broadleafcommerce.offer.test.OfferTest@7995092a]" name="setup" is-config="true" duration-ms="0" started-at="2019-09-04T16:37:22Z" finished-at="2019-09-04T16:37:22Z">
          <reporter-output>
          </reporter-output>
        </test-method> <!-- setup -->
        <test-method status="PASS" signature="springTestContextAfterTestMethod(java.lang.reflect.Method)[pri:0, instance:org.broadleafcommerce.offer.test.OfferTest@7995092a]" name="springTestContextAfterTestMethod" is-config="true" duration-ms="1" started-at="2019-09-04T16:37:22Z" finished-at="2019-09-04T16:37:22Z">
          <params>
            <param index="0">
              <value>
                <![CDATA[public void org.broadleafcommerce.offer.test.OfferTest.testReadAllOffers() throws java.lang.Exception]]>
              </value>
            </param>
          </params>
          <reporter-output>
          </reporter-output>
        </test-method> <!-- springTestContextAfterTestMethod -->
        <test-method status="PASS" signature="testOfferCodeDao()[pri:0, instance:org.broadleafcommerce.offer.test.OfferTest@7995092a]" name="testOfferCodeDao" duration-ms="4" depends-on-groups="testReadAllOffers" started-at="2019-09-04T16:37:22Z" finished-at="2019-09-04T16:37:22Z">
          <reporter-output>
          </reporter-output>
        </test-method> <!-- testOfferCodeDao -->
        <test-method status="PASS" signature="setup()[pri:0, instance:org.broadleafcommerce.offer.test.OfferTest@7995092a]" name="setup" is-config="true" duration-ms="0" started-at="2019-09-04T16:37:22Z" finished-at="2019-09-04T16:37:22Z">
          <reporter-output>
          </reporter-output>
        </test-method> <!-- setup -->
        <test-method status="PASS" signature="springTestContextBeforeTestMethod(java.lang.reflect.Method)[pri:0, instance:org.broadleafcommerce.offer.test.OfferTest@7995092a]" name="springTestContextBeforeTestMethod" is-config="true" duration-ms="0" started-at="2019-09-04T16:37:22Z" finished-at="2019-09-04T16:37:22Z">
          <params>
            <param index="0">
              <value>
                <![CDATA[public void org.broadleafcommerce.offer.test.OfferTest.testOfferCodeDao() throws java.lang.Exception]]>
              </value>
            </param>
          </params>
          <reporter-output>
          </reporter-output>
        </test-method> <!-- springTestContextBeforeTestMethod -->
        <test-method status="PASS" signature="springTestContextAfterTestMethod(java.lang.reflect.Method)[pri:0, instance:org.broadleafcommerce.offer.test.OfferTest@7995092a]" name="springTestContextAfterTestMethod" is-config="true" duration-ms="0" started-at="2019-09-04T16:37:22Z" finished-at="2019-09-04T16:37:22Z">
          <params>
            <param index="0">
              <value>
                <![CDATA[public void org.broadleafcommerce.offer.test.OfferTest.testOfferCodeDao() throws java.lang.Exception]]>
              </value>
            </param>
          </params>
          <reporter-output>
          </reporter-output>
        </test-method> <!-- springTestContextAfterTestMethod -->
        <test-method status="PASS" signature="springTestContextBeforeTestMethod(java.lang.reflect.Method)[pri:0, instance:org.broadleafcommerce.offer.test.OfferTest@7995092a]" name="springTestContextBeforeTestMethod" is-config="true" duration-ms="0" started-at="2019-09-04T16:37:22Z" finished-at="2019-09-04T16:37:22Z">
          <params>
            <param index="0">
              <value>
                <![CDATA[public void org.broadleafcommerce.offer.test.OfferTest.testCustomerOffers() throws java.lang.Exception]]>
              </value>
            </param>
          </params>
          <reporter-output>
          </reporter-output>
        </test-method> <!-- springTestContextBeforeTestMethod -->
        <test-method status="PASS" signature="setup()[pri:0, instance:org.broadleafcommerce.offer.test.OfferTest@7995092a]" name="setup" is-config="true" duration-ms="0" started-at="2019-09-04T16:37:22Z" finished-at="2019-09-04T16:37:22Z">
          <reporter-output>
          </reporter-output>
        </test-method> <!-- setup -->
        <test-method status="PASS" signature="testCustomerOffers()[pri:0, instance:org.broadleafcommerce.offer.test.OfferTest@7995092a]" name="testCustomerOffers" duration-ms="2" depends-on-groups="testOfferCodeDao" started-at="2019-09-04T16:37:22Z" finished-at="2019-09-04T16:37:22Z">
          <reporter-output>
          </reporter-output>
        </test-method> <!-- testCustomerOffers -->
        <test-method status="PASS" signature="springTestContextAfterTestMethod(java.lang.reflect.Method)[pri:0, instance:org.broadleafcommerce.offer.test.OfferTest@7995092a]" name="springTestContextAfterTestMethod" is-config="true" duration-ms="0" started-at="2019-09-04T16:37:22Z" finished-at="2019-09-04T16:37:22Z">
          <params>
            <param index="0">
              <value>
                <![CDATA[public void org.broadleafcommerce.offer.test.OfferTest.testCustomerOffers() throws java.lang.Exception]]>
              </value>
            </param>
          </params>
          <reporter-output>
          </reporter-output>
        </test-method> <!-- springTestContextAfterTestMethod -->
        <test-method status="PASS" signature="springTestContextAfterTestClass()[pri:0, instance:org.broadleafcommerce.offer.test.OfferTest@7995092a]" name="springTestContextAfterTestClass" is-config="true" duration-ms="0" started-at="2019-09-04T16:37:22Z" finished-at="2019-09-04T16:37:22Z">
          <reporter-output>
          </reporter-output>
        </test-method> <!-- springTestContextAfterTestClass -->
        <test-method status="PASS" signature="tearDown()[pri:0, instance:org.broadleafcommerce.offer.test.OfferTest@7995092a]" name="tearDown" is-config="true" duration-ms="0" started-at="2019-09-04T16:37:22Z" finished-at="2019-09-04T16:37:22Z">
          <reporter-output>
          </reporter-output>
        </test-method> <!-- tearDown -->
      </class> <!-- org.broadleafcommerce.offer.test.OfferTest -->
    </test> <!-- offer-integrationtest -->
    <test name="broadleafcommerce-unittest" duration-ms="1" started-at="2019-09-04T21:37:22Z" finished-at="2019-09-04T21:37:22Z">
    </test> <!-- broadleafcommerce-unittest -->
    <test name="broadleafcommerce-layout" duration-ms="21" started-at="2019-09-04T21:37:22Z" finished-at="2019-09-04T21:37:22Z">
      <class name="org.broadleafcommerce.layout.test.PaginationCommandObjectTest">
        <test-method status="PASS" signature="springTestContextPrepareTestInstance()[pri:0, instance:org.broadleafcommerce.layout.test.PaginationCommandObjectTest@60dcc9fe]" name="springTestContextPrepareTestInstance" is-config="true" duration-ms="10" started-at="2019-09-04T16:37:22Z" depends-on-methods="org.springframework.test.context.testng.AbstractTestNGSpringContextTests.springTestContextBeforeTestClass" finished-at="2019-09-04T16:37:22Z">
          <reporter-output>
          </reporter-output>
        </test-method> <!-- springTestContextPrepareTestInstance -->
        <test-method status="PASS" signature="springTestContextBeforeTestClass()[pri:0, instance:org.broadleafcommerce.layout.test.PaginationCommandObjectTest@60dcc9fe]" name="springTestContextBeforeTestClass" is-config="true" duration-ms="0" started-at="2019-09-04T16:37:22Z" finished-at="2019-09-04T16:37:22Z">
          <reporter-output>
          </reporter-output>
        </test-method> <!-- springTestContextBeforeTestClass -->
        <test-method status="PASS" signature="springTestContextBeforeTestMethod(java.lang.reflect.Method)[pri:0, instance:org.broadleafcommerce.layout.test.PaginationCommandObjectTest@60dcc9fe]" name="springTestContextBeforeTestMethod" is-config="true" duration-ms="1" started-at="2019-09-04T16:37:22Z" finished-at="2019-09-04T16:37:22Z">
          <params>
            <param index="0">
              <value>
                <![CDATA[public void org.broadleafcommerce.layout.test.PaginationCommandObjectTest.testDisplayList()]]>
              </value>
            </param>
          </params>
          <reporter-output>
          </reporter-output>
        </test-method> <!-- springTestContextBeforeTestMethod -->
        <test-method status="PASS" signature="setup()[pri:0, instance:org.broadleafcommerce.layout.test.PaginationCommandObjectTest@60dcc9fe]" name="setup" is-config="true" duration-ms="0" started-at="2019-09-04T16:37:22Z" finished-at="2019-09-04T16:37:22Z">
          <reporter-output>
          </reporter-output>
        </test-method> <!-- setup -->
        <test-method status="PASS" signature="testDisplayList()[pri:0, instance:org.broadleafcommerce.layout.test.PaginationCommandObjectTest@60dcc9fe]" name="testDisplayList" duration-ms="2" started-at="2019-09-04T16:37:22Z" finished-at="2019-09-04T16:37:22Z">
          <reporter-output>
          </reporter-output>
        </test-method> <!-- testDisplayList -->
        <test-method status="PASS" signature="springTestContextAfterTestMethod(java.lang.reflect.Method)[pri:0, instance:org.broadleafcommerce.layout.test.PaginationCommandObjectTest@60dcc9fe]" name="springTestContextAfterTestMethod" is-config="true" duration-ms="0" started-at="2019-09-04T16:37:22Z" finished-at="2019-09-04T16:37:22Z">
          <params>
            <param index="0">
              <value>
                <![CDATA[public void org.broadleafcommerce.layout.test.PaginationCommandObjectTest.testDisplayList()]]>
              </value>
            </param>
          </params>
          <reporter-output>
          </reporter-output>
        </test-method> <!-- springTestContextAfterTestMethod -->
        <test-method status="PASS" signature="springTestContextBeforeTestMethod(java.lang.reflect.Method)[pri:0, instance:org.broadleafcommerce.layout.test.PaginationCommandObjectTest@60dcc9fe]" name="springTestContextBeforeTestMethod" is-config="true" duration-ms="1" started-at="2019-09-04T16:37:22Z" finished-at="2019-09-04T16:37:22Z">
          <params>
            <param index="0">
              <value>
                <![CDATA[public void org.broadleafcommerce.layout.test.PaginationCommandObjectTest.testFullList()]]>
              </value>
            </param>
          </params>
          <reporter-output>
          </reporter-output>
        </test-method> <!-- springTestContextBeforeTestMethod -->
        <test-method status="PASS" signature="testFullList()[pri:0, instance:org.broadleafcommerce.layout.test.PaginationCommandObjectTest@60dcc9fe]" name="testFullList" duration-ms="1" started-at="2019-09-04T16:37:22Z" finished-at="2019-09-04T16:37:22Z">
          <reporter-output>
          </reporter-output>
        </test-method> <!-- testFullList -->
        <test-method status="PASS" signature="setup()[pri:0, instance:org.broadleafcommerce.layout.test.PaginationCommandObjectTest@60dcc9fe]" name="setup" is-config="true" duration-ms="0" started-at="2019-09-04T16:37:22Z" finished-at="2019-09-04T16:37:22Z">
          <reporter-output>
          </reporter-output>
        </test-method> <!-- setup -->
        <test-method status="PASS" signature="springTestContextAfterTestMethod(java.lang.reflect.Method)[pri:0, instance:org.broadleafcommerce.layout.test.PaginationCommandObjectTest@60dcc9fe]" name="springTestContextAfterTestMethod" is-config="true" duration-ms="0" started-at="2019-09-04T16:37:22Z" finished-at="2019-09-04T16:37:22Z">
          <params>
            <param index="0">
              <value>
                <![CDATA[public void org.broadleafcommerce.layout.test.PaginationCommandObjectTest.testFullList()]]>
              </value>
            </param>
          </params>
          <reporter-output>
          </reporter-output>
        </test-method> <!-- springTestContextAfterTestMethod -->
        <test-method status="PASS" signature="springTestContextBeforeTestMethod(java.lang.reflect.Method)[pri:0, instance:org.broadleafcommerce.layout.test.PaginationCommandObjectTest@60dcc9fe]" name="springTestContextBeforeTestMethod" is-config="true" duration-ms="1" started-at="2019-09-04T16:37:22Z" finished-at="2019-09-04T16:37:22Z">
          <params>
            <param index="0">
              <value>
                <![CDATA[public void org.broadleafcommerce.layout.test.PaginationCommandObjectTest.testIndices()]]>
              </value>
            </param>
          </params>
          <reporter-output>
          </reporter-output>
        </test-method> <!-- springTestContextBeforeTestMethod -->
        <test-method status="PASS" signature="testIndices()[pri:0, instance:org.broadleafcommerce.layout.test.PaginationCommandObjectTest@60dcc9fe]" name="testIndices" duration-ms="1" started-at="2019-09-04T16:37:22Z" finished-at="2019-09-04T16:37:22Z">
          <reporter-output>
          </reporter-output>
        </test-method> <!-- testIndices -->
        <test-method status="PASS" signature="setup()[pri:0, instance:org.broadleafcommerce.layout.test.PaginationCommandObjectTest@60dcc9fe]" name="setup" is-config="true" duration-ms="0" started-at="2019-09-04T16:37:22Z" finished-at="2019-09-04T16:37:22Z">
          <reporter-output>
          </reporter-output>
        </test-method> <!-- setup -->
        <test-method status="PASS" signature="springTestContextAfterTestMethod(java.lang.reflect.Method)[pri:0, instance:org.broadleafcommerce.layout.test.PaginationCommandObjectTest@60dcc9fe]" name="springTestContextAfterTestMethod" is-config="true" duration-ms="1" started-at="2019-09-04T16:37:22Z" finished-at="2019-09-04T16:37:22Z">
          <params>
            <param index="0">
              <value>
                <![CDATA[public void org.broadleafcommerce.layout.test.PaginationCommandObjectTest.testIndices()]]>
              </value>
            </param>
          </params>
          <reporter-output>
          </reporter-output>
        </test-method> <!-- springTestContextAfterTestMethod -->
        <test-method status="PASS" signature="tearDown()[pri:0, instance:org.broadleafcommerce.layout.test.PaginationCommandObjectTest@60dcc9fe]" name="tearDown" is-config="true" duration-ms="0" started-at="2019-09-04T16:37:22Z" finished-at="2019-09-04T16:37:22Z">
          <reporter-output>
          </reporter-output>
        </test-method> <!-- tearDown -->
        <test-method status="PASS" signature="springTestContextAfterTestClass()[pri:0, instance:org.broadleafcommerce.layout.test.PaginationCommandObjectTest@60dcc9fe]" name="springTestContextAfterTestClass" is-config="true" duration-ms="0" started-at="2019-09-04T16:37:22Z" finished-at="2019-09-04T16:37:22Z">
          <reporter-output>
          </reporter-output>
        </test-method> <!-- springTestContextAfterTestClass -->
      </class> <!-- org.broadleafcommerce.layout.test.PaginationCommandObjectTest -->
    </test> <!-- broadleafcommerce-layout -->
  </suite> <!-- BroadleafCommerce Test Suite -->
</testng-results>
